<?xml version="1.0" encoding="UTF-8"?>
<coverage generated="1761322943445" clover="3.2.0">
  <project timestamp="1761322943445" name="All files">
    <metrics statements="262" coveredstatements="262" conditionals="180" coveredconditionals="144" methods="53" coveredmethods="50" elements="495" coveredelements="456" complexity="0" loc="262" ncloc="262" packages="9" files="23" classes="23"/>
    <package name="src">
      <metrics statements="26" coveredstatements="26" conditionals="6" coveredconditionals="5" methods="5" coveredmethods="5"/>
      <file name="app.controller.ts" path="C:\projects\Node Js\localgem-api\src\app.controller.ts">
        <metrics statements="6" coveredstatements="6" conditionals="4" coveredconditionals="3" methods="2" coveredmethods="2"/>
        <line num="1" count="1" type="stmt"/>
        <line num="2" count="1" type="stmt"/>
        <line num="5" count="1" type="stmt"/>
        <line num="6" count="1" type="cond" truecount="3" falsecount="1"/>
        <line num="9" count="1" type="stmt"/>
        <line num="10" count="1" type="stmt"/>
      </file>
      <file name="app.module.ts" path="C:\projects\Node Js\localgem-api\src\app.module.ts">
        <metrics statements="12" coveredstatements="12" conditionals="0" coveredconditionals="0" methods="1" coveredmethods="1"/>
        <line num="1" count="4" type="stmt"/>
        <line num="3" count="4" type="stmt"/>
        <line num="4" count="4" type="stmt"/>
        <line num="5" count="4" type="stmt"/>
        <line num="6" count="4" type="stmt"/>
        <line num="7" count="4" type="stmt"/>
        <line num="8" count="4" type="stmt"/>
        <line num="9" count="4" type="stmt"/>
        <line num="10" count="4" type="stmt"/>
        <line num="11" count="4" type="stmt"/>
        <line num="23" count="1" type="stmt"/>
        <line num="39" count="4" type="stmt"/>
      </file>
      <file name="app.service.ts" path="C:\projects\Node Js\localgem-api\src\app.service.ts">
        <metrics statements="3" coveredstatements="3" conditionals="0" coveredconditionals="0" methods="1" coveredmethods="1"/>
        <line num="1" count="1" type="stmt"/>
        <line num="4" count="1" type="stmt"/>
        <line num="6" count="1" type="stmt"/>
      </file>
      <file name="main.ts" path="C:\projects\Node Js\localgem-api\src\main.ts">
        <metrics statements="5" coveredstatements="5" conditionals="2" coveredconditionals="2" methods="1" coveredmethods="1"/>
        <line num="1" count="2" type="stmt"/>
        <line num="2" count="2" type="stmt"/>
        <line num="5" count="2" type="stmt"/>
        <line num="6" count="2" type="cond" truecount="2" falsecount="0"/>
        <line num="8" count="2" type="stmt"/>
      </file>
    </package>
    <package name="src.auth">
      <metrics statements="78" coveredstatements="78" conditionals="50" coveredconditionals="38" methods="14" coveredmethods="14"/>
      <file name="auth.controller.ts" path="C:\projects\Node Js\localgem-api\src\auth\auth.controller.ts">
        <metrics statements="21" coveredstatements="21" conditionals="12" coveredconditionals="7" methods="4" coveredmethods="4"/>
        <line num="1" count="7" type="stmt"/>
        <line num="2" count="7" type="stmt"/>
        <line num="3" count="7" type="stmt"/>
        <line num="6" count="7" type="stmt"/>
        <line num="9" count="7" type="stmt"/>
        <line num="10" count="6" type="cond" truecount="3" falsecount="1"/>
        <line num="13" count="7" type="stmt"/>
        <line num="16" count="2" type="stmt"/>
        <line num="17" count="2" type="stmt"/>
        <line num="18" count="1" type="stmt"/>
        <line num="20" count="1" type="stmt"/>
        <line num="33" count="7" type="stmt"/>
        <line num="34" count="2" type="stmt"/>
        <line num="35" count="2" type="stmt"/>
        <line num="36" count="1" type="stmt"/>
        <line num="38" count="1" type="stmt"/>
        <line num="50" count="7" type="stmt"/>
        <line num="51" count="2" type="stmt"/>
        <line num="52" count="2" type="stmt"/>
        <line num="53" count="1" type="stmt"/>
        <line num="55" count="1" type="stmt"/>
      </file>
      <file name="auth.module.ts" path="C:\projects\Node Js\localgem-api\src\auth\auth.module.ts">
        <metrics statements="11" coveredstatements="11" conditionals="4" coveredconditionals="2" methods="1" coveredmethods="1"/>
        <line num="1" count="6" type="stmt"/>
        <line num="2" count="6" type="stmt"/>
        <line num="3" count="6" type="stmt"/>
        <line num="4" count="6" type="stmt"/>
        <line num="5" count="6" type="stmt"/>
        <line num="6" count="6" type="stmt"/>
        <line num="7" count="6" type="stmt"/>
        <line num="8" count="6" type="stmt"/>
        <line num="9" count="6" type="stmt"/>
        <line num="17" count="1" type="stmt"/>
        <line num="31" count="6" type="stmt"/>
      </file>
      <file name="auth.service.ts" path="C:\projects\Node Js\localgem-api\src\auth\auth.service.ts">
        <metrics statements="21" coveredstatements="21" conditionals="22" coveredconditionals="19" methods="5" coveredmethods="5"/>
        <line num="1" count="9" type="stmt"/>
        <line num="2" count="9" type="stmt"/>
        <line num="3" count="9" type="stmt"/>
        <line num="4" count="9" type="stmt"/>
        <line num="5" count="9" type="stmt"/>
        <line num="9" count="9" type="stmt"/>
        <line num="11" count="5" type="cond" truecount="6" falsecount="2"/>
        <line num="12" count="5" type="cond" truecount="3" falsecount="1"/>
        <line num="13" count="5" type="stmt"/>
        <line num="17" count="2" type="stmt"/>
        <line num="18" count="2" type="cond" truecount="4" falsecount="0"/>
        <line num="19" count="1" type="stmt"/>
        <line num="20" count="1" type="stmt"/>
        <line num="22" count="1" type="stmt"/>
        <line num="26" count="1" type="stmt"/>
        <line num="27" count="1" type="stmt"/>
        <line num="41" count="1" type="stmt"/>
        <line num="42" count="1" type="stmt"/>
        <line num="49" count="1" type="stmt"/>
        <line num="54" count="1" type="stmt"/>
        <line num="55" count="1" type="stmt"/>
      </file>
      <file name="jwt-auth.guard.ts" path="C:\projects\Node Js\localgem-api\src\auth\jwt-auth.guard.ts">
        <metrics statements="3" coveredstatements="3" conditionals="0" coveredconditionals="0" methods="0" coveredmethods="0"/>
        <line num="1" count="6" type="stmt"/>
        <line num="2" count="6" type="stmt"/>
        <line num="5" count="6" type="stmt"/>
      </file>
      <file name="jwt.strategy.ts" path="C:\projects\Node Js\localgem-api\src\auth\jwt.strategy.ts">
        <metrics statements="8" coveredstatements="8" conditionals="6" coveredconditionals="5" methods="2" coveredmethods="2"/>
        <line num="1" count="7" type="stmt"/>
        <line num="2" count="7" type="stmt"/>
        <line num="3" count="7" type="stmt"/>
        <line num="4" count="7" type="stmt"/>
        <line num="8" count="7" type="stmt"/>
        <line num="9" count="2" type="cond" truecount="3" falsecount="1"/>
        <line num="10" count="2" type="stmt"/>
        <line num="18" count="1" type="stmt"/>
      </file>
      <file name="local-auth.guard.ts" path="C:\projects\Node Js\localgem-api\src\auth\local-auth.guard.ts">
        <metrics statements="3" coveredstatements="3" conditionals="0" coveredconditionals="0" methods="0" coveredmethods="0"/>
        <line num="1" count="8" type="stmt"/>
        <line num="2" count="8" type="stmt"/>
        <line num="5" count="8" type="stmt"/>
      </file>
      <file name="local.strategy.ts" path="C:\projects\Node Js\localgem-api\src\auth\local.strategy.ts">
        <metrics statements="11" coveredstatements="11" conditionals="6" coveredconditionals="5" methods="2" coveredmethods="2"/>
        <line num="1" count="7" type="stmt"/>
        <line num="2" count="7" type="stmt"/>
        <line num="3" count="7" type="stmt"/>
        <line num="4" count="7" type="stmt"/>
        <line num="8" count="7" type="stmt"/>
        <line num="9" count="2" type="cond" truecount="3" falsecount="1"/>
        <line num="10" count="2" type="stmt"/>
        <line num="14" count="2" type="stmt"/>
        <line num="15" count="2" type="cond" truecount="2" falsecount="0"/>
        <line num="16" count="1" type="stmt"/>
        <line num="18" count="1" type="stmt"/>
      </file>
    </package>
    <package name="src.common.interceptors">
      <metrics statements="18" coveredstatements="18" conditionals="19" coveredconditionals="17" methods="6" coveredmethods="6"/>
      <file name="http-response.interceptor.ts" path="C:\projects\Node Js\localgem-api\src\common\interceptors\http-response.interceptor.ts">
        <metrics statements="18" coveredstatements="18" conditionals="19" coveredconditionals="17" methods="6" coveredmethods="6"/>
        <line num="1" count="1" type="stmt"/>
        <line num="9" count="1" type="stmt"/>
        <line num="10" count="1" type="stmt"/>
        <line num="11" count="1" type="stmt"/>
        <line num="14" count="1" type="stmt"/>
        <line num="16" count="8" type="stmt"/>
        <line num="19" count="4" type="cond" truecount="5" falsecount="0"/>
        <line num="20" count="2" type="stmt"/>
        <line num="23" count="2" type="cond" truecount="4" falsecount="0"/>
        <line num="24" count="1" type="stmt"/>
        <line num="27" count="1" type="stmt"/>
        <line num="30" count="4" type="cond" truecount="2" falsecount="0"/>
        <line num="31" count="2" type="stmt"/>
        <line num="32" count="2" type="stmt"/>
        <line num="34" count="2" type="cond" truecount="4" falsecount="0"/>
        <line num="35" count="1" type="stmt"/>
        <line num="42" count="1" type="stmt"/>
        <line num="49" count="2" type="stmt"/>
      </file>
    </package>
    <package name="src.common.interfaces">
      <metrics statements="4" coveredstatements="4" conditionals="1" coveredconditionals="1" methods="2" coveredmethods="2"/>
      <file name="http-response.interface.ts" path="C:\projects\Node Js\localgem-api\src\common\interfaces\http-response.interface.ts">
        <metrics statements="4" coveredstatements="4" conditionals="1" coveredconditionals="1" methods="2" coveredmethods="2"/>
        <line num="12" count="11" type="cond" truecount="1" falsecount="0"/>
        <line num="13" count="15" type="stmt"/>
        <line num="20" count="11" type="stmt"/>
        <line num="25" count="3" type="stmt"/>
      </file>
    </package>
    <package name="src.config">
      <metrics statements="1" coveredstatements="1" conditionals="18" coveredconditionals="18" methods="1" coveredmethods="1"/>
      <file name="configuration.ts" path="C:\projects\Node Js\localgem-api\src\config\configuration.ts">
        <metrics statements="1" coveredstatements="1" conditionals="18" coveredconditionals="18" methods="1" coveredmethods="1"/>
        <line num="1" count="5" type="stmt"/>
      </file>
    </package>
    <package name="src.places">
      <metrics statements="69" coveredstatements="69" conditionals="50" coveredconditionals="37" methods="13" coveredmethods="13"/>
      <file name="places.controller.ts" path="C:\projects\Node Js\localgem-api\src\places\places.controller.ts">
        <metrics statements="42" coveredstatements="42" conditionals="42" coveredconditionals="30" methods="5" coveredmethods="5"/>
        <line num="1" count="6" type="stmt"/>
        <line num="17" count="6" type="stmt"/>
        <line num="19" count="6" type="stmt"/>
        <line num="22" count="6" type="stmt"/>
        <line num="26" count="6" type="stmt"/>
        <line num="27" count="20" type="cond" truecount="3" falsecount="1"/>
        <line num="30" count="6" type="stmt"/>
        <line num="34" count="8" type="stmt"/>
        <line num="35" count="8" type="stmt"/>
        <line num="36" count="7" type="stmt"/>
        <line num="37" count="5" type="stmt"/>
        <line num="39" count="3" type="stmt"/>
        <line num="51" count="6" type="stmt"/>
        <line num="55" count="4" type="stmt"/>
        <line num="56" count="4" type="stmt"/>
        <line num="57" count="4" type="stmt"/>
        <line num="58" count="3" type="cond" truecount="2" falsecount="0"/>
        <line num="59" count="2" type="stmt"/>
        <line num="61" count="1" type="stmt"/>
        <line num="63" count="3" type="cond" truecount="2" falsecount="0"/>
        <line num="64" count="2" type="stmt"/>
        <line num="73" count="1" type="stmt"/>
        <line num="85" count="6" type="stmt"/>
        <line num="89" count="6" type="stmt"/>
        <line num="90" count="6" type="stmt"/>
        <line num="91" count="6" type="cond" truecount="4" falsecount="0"/>
        <line num="92" count="3" type="stmt"/>
        <line num="94" count="3" type="stmt"/>
        <line num="95" count="1" type="stmt"/>
        <line num="97" count="5" type="cond" truecount="2" falsecount="0"/>
        <line num="98" count="4" type="stmt"/>
        <line num="107" count="1" type="stmt"/>
        <line num="119" count="6" type="stmt"/>
        <line num="124" count="4" type="stmt"/>
        <line num="125" count="4" type="stmt"/>
        <line num="126" count="4" type="stmt"/>
        <line num="127" count="3" type="cond" truecount="2" falsecount="0"/>
        <line num="128" count="2" type="stmt"/>
        <line num="130" count="1" type="stmt"/>
        <line num="132" count="3" type="cond" truecount="2" falsecount="0"/>
        <line num="133" count="2" type="stmt"/>
        <line num="142" count="1" type="stmt"/>
      </file>
      <file name="places.module.ts" path="C:\projects\Node Js\localgem-api\src\places\places.module.ts">
        <metrics statements="6" coveredstatements="6" conditionals="0" coveredconditionals="0" methods="0" coveredmethods="0"/>
        <line num="1" count="5" type="stmt"/>
        <line num="2" count="5" type="stmt"/>
        <line num="3" count="5" type="stmt"/>
        <line num="4" count="5" type="stmt"/>
        <line num="5" count="5" type="stmt"/>
        <line num="12" count="5" type="stmt"/>
      </file>
      <file name="places.service.ts" path="C:\projects\Node Js\localgem-api\src\places\places.service.ts">
        <metrics statements="21" coveredstatements="21" conditionals="8" coveredconditionals="7" methods="8" coveredmethods="8"/>
        <line num="1" count="7" type="stmt"/>
        <line num="2" count="7" type="stmt"/>
        <line num="3" count="7" type="stmt"/>
        <line num="4" count="7" type="stmt"/>
        <line num="7" count="7" type="stmt"/>
        <line num="10" count="8" type="cond" truecount="3" falsecount="1"/>
        <line num="14" count="2" type="cond" truecount="2" falsecount="0"/>
        <line num="15" count="1" type="stmt"/>
        <line num="21" count="1" type="stmt"/>
        <line num="23" count="2" type="stmt"/>
        <line num="26" count="1" type="stmt"/>
        <line num="31" count="1" type="stmt"/>
        <line num="32" count="2" type="stmt"/>
        <line num="38" count="1" type="stmt"/>
        <line num="42" count="2" type="stmt"/>
        <line num="45" count="2" type="cond" truecount="2" falsecount="0"/>
        <line num="49" count="1" type="stmt"/>
        <line num="53" count="1" type="stmt"/>
        <line num="61" count="1" type="stmt"/>
        <line num="62" count="1" type="stmt"/>
        <line num="66" count="1" type="stmt"/>
      </file>
    </package>
    <package name="src.places.entities">
      <metrics statements="39" coveredstatements="39" conditionals="30" coveredconditionals="23" methods="6" coveredmethods="4"/>
      <file name="place.entity.ts" path="C:\projects\Node Js\localgem-api\src\places\entities\place.entity.ts">
        <metrics statements="17" coveredstatements="17" conditionals="12" coveredconditionals="10" methods="2" coveredmethods="1"/>
        <line num="1" count="17" type="stmt"/>
        <line num="9" count="17" type="stmt"/>
        <line num="12" count="17" type="stmt"/>
        <line num="14" count="17" type="stmt"/>
        <line num="17" count="17" type="stmt"/>
        <line num="20" count="17" type="stmt"/>
        <line num="23" count="17" type="stmt"/>
        <line num="26" count="17" type="stmt"/>
        <line num="29" count="17" type="stmt"/>
        <line num="32" count="17" type="stmt"/>
        <line num="35" count="17" type="stmt"/>
        <line num="38" count="17" type="stmt"/>
        <line num="41" count="17" type="stmt"/>
        <line num="43" count="1" type="stmt"/>
        <line num="47" count="17" type="cond" truecount="4" falsecount="0"/>
        <line num="50" count="17" type="cond" truecount="3" falsecount="1"/>
        <line num="53" count="17" type="cond" truecount="3" falsecount="1"/>
      </file>
      <file name="review.entity.ts" path="C:\projects\Node Js\localgem-api\src\places\entities\review.entity.ts">
        <metrics statements="13" coveredstatements="13" conditionals="16" coveredconditionals="12" methods="3" coveredmethods="2"/>
        <line num="1" count="5" type="stmt"/>
        <line num="2" count="5" type="stmt"/>
        <line num="3" count="5" type="stmt"/>
        <line num="7" count="5" type="stmt"/>
        <line num="9" count="5" type="stmt"/>
        <line num="12" count="5" type="stmt"/>
        <line num="15" count="5" type="stmt"/>
        <line num="17" count="1" type="stmt"/>
        <line num="18" count="5" type="cond" truecount="3" falsecount="1"/>
        <line num="20" count="1" type="stmt"/>
        <line num="21" count="5" type="cond" truecount="3" falsecount="1"/>
        <line num="24" count="5" type="cond" truecount="3" falsecount="1"/>
        <line num="27" count="5" type="cond" truecount="3" falsecount="1"/>
      </file>
      <file name="tag.entity.ts" path="C:\projects\Node Js\localgem-api\src\places\entities\tag.entity.ts">
        <metrics statements="9" coveredstatements="9" conditionals="2" coveredconditionals="1" methods="1" coveredmethods="1"/>
        <line num="1" count="1" type="stmt"/>
        <line num="13" count="1" type="stmt"/>
        <line num="15" count="1" type="stmt"/>
        <line num="18" count="1" type="stmt"/>
        <line num="21" count="1" type="stmt"/>
        <line num="25" count="1" type="stmt"/>
        <line num="26" count="1" type="cond" truecount="1" falsecount="1"/>
        <line num="27" count="1" type="stmt"/>
        <line num="33" count="1" type="stmt"/>
      </file>
    </package>
    <package name="src.users">
      <metrics statements="18" coveredstatements="18" conditionals="6" coveredconditionals="5" methods="4" coveredmethods="4"/>
      <file name="users.module.ts" path="C:\projects\Node Js\localgem-api\src\users\users.module.ts">
        <metrics statements="5" coveredstatements="5" conditionals="0" coveredconditionals="0" methods="0" coveredmethods="0"/>
        <line num="1" count="7" type="stmt"/>
        <line num="2" count="7" type="stmt"/>
        <line num="3" count="7" type="stmt"/>
        <line num="4" count="7" type="stmt"/>
        <line num="11" count="7" type="stmt"/>
      </file>
      <file name="users.service.ts" path="C:\projects\Node Js\localgem-api\src\users\users.service.ts">
        <metrics statements="13" coveredstatements="13" conditionals="6" coveredconditionals="5" methods="4" coveredmethods="4"/>
        <line num="1" count="11" type="stmt"/>
        <line num="2" count="11" type="stmt"/>
        <line num="3" count="11" type="stmt"/>
        <line num="4" count="11" type="stmt"/>
        <line num="7" count="11" type="stmt"/>
        <line num="10" count="3" type="cond" truecount="3" falsecount="1"/>
        <line num="14" count="2" type="stmt"/>
        <line num="18" count="1" type="stmt"/>
        <line num="19" count="1" type="stmt"/>
        <line num="23" count="2" type="stmt"/>
        <line num="24" count="2" type="cond" truecount="2" falsecount="0"/>
        <line num="25" count="1" type="stmt"/>
        <line num="27" count="1" type="stmt"/>
      </file>
    </package>
    <package name="src.users.entities">
      <metrics statements="9" coveredstatements="9" conditionals="0" coveredconditionals="0" methods="2" coveredmethods="1"/>
      <file name="user.entity.ts" path="C:\projects\Node Js\localgem-api\src\users\entities\user.entity.ts">
        <metrics statements="9" coveredstatements="9" conditionals="0" coveredconditionals="0" methods="2" coveredmethods="1"/>
        <line num="1" count="17" type="stmt"/>
        <line num="2" count="17" type="stmt"/>
        <line num="5" count="17" type="stmt"/>
        <line num="7" count="17" type="stmt"/>
        <line num="10" count="17" type="stmt"/>
        <line num="13" count="17" type="stmt"/>
        <line num="16" count="17" type="stmt"/>
        <line num="18" count="1" type="stmt"/>
        <line num="19" count="17" type="stmt"/>
      </file>
    </package>
  </project>
</coverage>
