{"C:\\projects\\Node Js\\localgem-api\\src\\app.controller.ts": {"path":"C:\\projects\\Node Js\\localgem-api\\src\\app.controller.ts","statementMap":{"0":{"start":{"line":1,"column":0},"end":{"line":1,"column":49}},"1":{"start":{"line":2,"column":0},"end":{"line":2,"column":43}},"2":{"start":{"line":5,"column":7},"end":{"line":12,"column":null}},"3":{"start":{"line":6,"column":31},"end":{"line":6,"column":43}},"4":{"start":{"line":10,"column":4},"end":{"line":10,"column":38}},"5":{"start":{"line":5,"column":13},"end":{"line":5,"column":26}},"6":{"start":{"line":9,"column":2},"end":{"line":11,"column":null}},"7":{"start":{"line":5,"column":13},"end":{"line":12,"column":null}}},"fnMap":{"0":{"name":"(anonymous_2)","decl":{"start":{"line":6,"column":2},"end":{"line":6,"column":31}},"loc":{"start":{"line":6,"column":53},"end":{"line":6,"column":57}}},"1":{"name":"(anonymous_3)","decl":{"start":{"line":9,"column":2},"end":{"line":9,"column":10}},"loc":{"start":{"line":9,"column":10},"end":{"line":11,"column":3}}}},"branchMap":{"0":{"loc":{"start":{"line":6,"column":43},"end":{"line":6,"column":56}},"type":"cond-expr","locations":[{"start":{"line":6,"column":53},"end":{"line":6,"column":56}},{"start":{"line":6,"column":53},"end":{"line":6,"column":56}}]},"1":{"loc":{"start":{"line":6,"column":43},"end":{"line":6,"column":53}},"type":"binary-expr","locations":[{"start":{"line":6,"column":43},"end":{"line":6,"column":56}},{"start":{"line":6,"column":43},"end":{"line":6,"column":53}}]}},"s":{"0":1,"1":1,"2":1,"3":1,"4":1,"5":1,"6":1,"7":1},"f":{"0":1,"1":1},"b":{"0":[1,0],"1":[1,1]}}
,"C:\\projects\\Node Js\\localgem-api\\src\\app.module.ts": {"path":"C:\\projects\\Node Js\\localgem-api\\src\\app.module.ts","statementMap":{"0":{"start":{"line":1,"column":0},"end":{"line":1,"column":40}},"1":{"start":{"line":2,"column":0},"end":{"line":2,"column":48}},"2":{"start":{"line":3,"column":0},"end":{"line":3,"column":61}},"3":{"start":{"line":4,"column":0},"end":{"line":4,"column":54}},"4":{"start":{"line":5,"column":0},"end":{"line":5,"column":55}},"5":{"start":{"line":6,"column":0},"end":{"line":6,"column":52}},"6":{"start":{"line":7,"column":0},"end":{"line":7,"column":57}},"7":{"start":{"line":8,"column":0},"end":{"line":8,"column":48}},"8":{"start":{"line":9,"column":0},"end":{"line":9,"column":51}},"9":{"start":{"line":10,"column":0},"end":{"line":10,"column":51}},"10":{"start":{"line":37,"column":7},"end":{"line":37,"column":null}},"11":{"start":{"line":37,"column":13},"end":{"line":37,"column":22}},"12":{"start":{"line":37,"column":13},"end":{"line":37,"column":null}},"13":{"start":{"line":21,"column":53},"end":{"line":30,"column":8}}},"fnMap":{"0":{"name":"(anonymous_2)","decl":{"start":{"line":21,"column":18},"end":{"line":21,"column":19}},"loc":{"start":{"line":21,"column":53},"end":{"line":30,"column":8}}}},"branchMap":{},"s":{"0":4,"1":4,"2":4,"3":4,"4":4,"5":4,"6":4,"7":4,"8":4,"9":4,"10":4,"11":4,"12":4,"13":1},"f":{"0":1},"b":{}}
,"C:\\projects\\Node Js\\localgem-api\\src\\app.service.ts": {"path":"C:\\projects\\Node Js\\localgem-api\\src\\app.service.ts","statementMap":{"0":{"start":{"line":1,"column":0},"end":{"line":1,"column":44}},"1":{"start":{"line":4,"column":7},"end":{"line":8,"column":null}},"2":{"start":{"line":6,"column":4},"end":{"line":6,"column":26}},"3":{"start":{"line":4,"column":13},"end":{"line":4,"column":23}},"4":{"start":{"line":4,"column":13},"end":{"line":8,"column":null}}},"fnMap":{"0":{"name":"(anonymous_1)","decl":{"start":{"line":5,"column":2},"end":{"line":5,"column":10}},"loc":{"start":{"line":5,"column":10},"end":{"line":7,"column":3}}}},"branchMap":{},"s":{"0":1,"1":1,"2":1,"3":1,"4":1},"f":{"0":1},"b":{}}
,"C:\\projects\\Node Js\\localgem-api\\src\\main.ts": {"path":"C:\\projects\\Node Js\\localgem-api\\src\\main.ts","statementMap":{"0":{"start":{"line":1,"column":0},"end":{"line":1,"column":43}},"1":{"start":{"line":2,"column":0},"end":{"line":2,"column":41}},"2":{"start":{"line":5,"column":14},"end":{"line":5,"column":49}},"3":{"start":{"line":6,"column":2},"end":{"line":6,"column":45}},"4":{"start":{"line":8,"column":0},"end":{"line":8,"column":17}}},"fnMap":{"0":{"name":"bootstrap","decl":{"start":{"line":4,"column":15},"end":{"line":4,"column":24}},"loc":{"start":{"line":4,"column":24},"end":{"line":7,"column":1}}}},"branchMap":{"0":{"loc":{"start":{"line":6,"column":19},"end":{"line":6,"column":43}},"type":"binary-expr","locations":[{"start":{"line":6,"column":19},"end":{"line":6,"column":35}},{"start":{"line":6,"column":39},"end":{"line":6,"column":43}}]}},"s":{"0":2,"1":2,"2":2,"3":2,"4":2},"f":{"0":2},"b":{"0":[2,1]}}
,"C:\\projects\\Node Js\\localgem-api\\src\\auth\\auth.controller.ts": {"path":"C:\\projects\\Node Js\\localgem-api\\src\\auth\\auth.controller.ts","statementMap":{"0":{"start":{"line":1,"column":0},"end":{"line":1,"column":76}},"1":{"start":{"line":2,"column":0},"end":{"line":2,"column":45}},"2":{"start":{"line":3,"column":0},"end":{"line":3,"column":52}},"3":{"start":{"line":8,"column":7},"end":{"line":28,"column":null}},"4":{"start":{"line":9,"column":22},"end":{"line":9,"column":35}},"5":{"start":{"line":15,"column":4},"end":{"line":15,"column":47}},"6":{"start":{"line":21,"column":4},"end":{"line":21,"column":44}},"7":{"start":{"line":26,"column":4},"end":{"line":26,"column":56}},"8":{"start":{"line":8,"column":13},"end":{"line":8,"column":27}},"9":{"start":{"line":12,"column":8},"end":{"line":16,"column":null}},"10":{"start":{"line":20,"column":2},"end":{"line":22,"column":null}},"11":{"start":{"line":25,"column":2},"end":{"line":27,"column":null}},"12":{"start":{"line":8,"column":13},"end":{"line":28,"column":null}}},"fnMap":{"0":{"name":"(anonymous_4)","decl":{"start":{"line":9,"column":2},"end":{"line":9,"column":22}},"loc":{"start":{"line":9,"column":46},"end":{"line":9,"column":50}}},"1":{"name":"(anonymous_5)","decl":{"start":{"line":12,"column":8},"end":{"line":12,"column":16}},"loc":{"start":{"line":13,"column":71},"end":{"line":16,"column":3}}},"2":{"name":"(anonymous_6)","decl":{"start":{"line":20,"column":2},"end":{"line":20,"column":7}},"loc":{"start":{"line":20,"column":59},"end":{"line":22,"column":3}}},"3":{"name":"(anonymous_7)","decl":{"start":{"line":25,"column":2},"end":{"line":25,"column":9}},"loc":{"start":{"line":25,"column":49},"end":{"line":27,"column":3}}}},"branchMap":{"0":{"loc":{"start":{"line":9,"column":35},"end":{"line":9,"column":49}},"type":"cond-expr","locations":[{"start":{"line":9,"column":46},"end":{"line":9,"column":49}},{"start":{"line":9,"column":46},"end":{"line":9,"column":49}}]},"1":{"loc":{"start":{"line":9,"column":35},"end":{"line":9,"column":46}},"type":"binary-expr","locations":[{"start":{"line":9,"column":35},"end":{"line":9,"column":49}},{"start":{"line":9,"column":35},"end":{"line":9,"column":46}}]}},"s":{"0":7,"1":7,"2":7,"3":7,"4":3,"5":1,"6":1,"7":1,"8":7,"9":7,"10":7,"11":7,"12":7},"f":{"0":3,"1":1,"2":1,"3":1},"b":{"0":[7,0],"1":[7,7]}}
,"C:\\projects\\Node Js\\localgem-api\\src\\auth\\auth.module.ts": {"path":"C:\\projects\\Node Js\\localgem-api\\src\\auth\\auth.module.ts","statementMap":{"0":{"start":{"line":1,"column":0},"end":{"line":1,"column":40}},"1":{"start":{"line":2,"column":0},"end":{"line":2,"column":40}},"2":{"start":{"line":3,"column":0},"end":{"line":3,"column":50}},"3":{"start":{"line":4,"column":0},"end":{"line":4,"column":52}},"4":{"start":{"line":5,"column":0},"end":{"line":5,"column":45}},"5":{"start":{"line":6,"column":0},"end":{"line":6,"column":45}},"6":{"start":{"line":7,"column":0},"end":{"line":7,"column":61}},"7":{"start":{"line":8,"column":0},"end":{"line":8,"column":49}},"8":{"start":{"line":9,"column":0},"end":{"line":9,"column":51}},"9":{"start":{"line":31,"column":7},"end":{"line":31,"column":null}},"10":{"start":{"line":31,"column":13},"end":{"line":31,"column":23}},"11":{"start":{"line":31,"column":13},"end":{"line":31,"column":null}},"12":{"start":{"line":17,"column":53},"end":{"line":23,"column":8}}},"fnMap":{"0":{"name":"(anonymous_1)","decl":{"start":{"line":17,"column":18},"end":{"line":17,"column":19}},"loc":{"start":{"line":17,"column":53},"end":{"line":23,"column":8}}}},"branchMap":{"0":{"loc":{"start":{"line":18,"column":16},"end":{"line":18,"column":76}},"type":"binary-expr","locations":[{"start":{"line":18,"column":16},"end":{"line":18,"column":55}},{"start":{"line":18,"column":59},"end":{"line":18,"column":76}}]},"1":{"loc":{"start":{"line":21,"column":12},"end":{"line":21,"column":71}},"type":"binary-expr","locations":[{"start":{"line":21,"column":12},"end":{"line":21,"column":62}},{"start":{"line":21,"column":66},"end":{"line":21,"column":71}}]}},"s":{"0":6,"1":6,"2":6,"3":6,"4":6,"5":6,"6":6,"7":6,"8":6,"9":6,"10":6,"11":6,"12":1},"f":{"0":1},"b":{"0":[1,0],"1":[1,0]}}
,"C:\\projects\\Node Js\\localgem-api\\src\\auth\\auth.service.ts": {"path":"C:\\projects\\Node Js\\localgem-api\\src\\auth\\auth.service.ts","statementMap":{"0":{"start":{"line":1,"column":0},"end":{"line":1,"column":44}},"1":{"start":{"line":2,"column":0},"end":{"line":2,"column":41}},"2":{"start":{"line":3,"column":0},"end":{"line":3,"column":54}},"3":{"start":{"line":4,"column":0},"end":{"line":4,"column":33}},"4":{"start":{"line":5,"column":0},"end":{"line":5,"column":47}},"5":{"start":{"line":9,"column":7},"end":{"line":59,"column":null}},"6":{"start":{"line":11,"column":12},"end":{"line":11,"column":26}},"7":{"start":{"line":12,"column":12},"end":{"line":12,"column":24}},"8":{"start":{"line":13,"column":12},"end":{"line":13,"column":27}},"9":{"start":{"line":17,"column":17},"end":{"line":17,"column":59}},"10":{"start":{"line":18,"column":4},"end":{"line":21,"column":5}},"11":{"start":{"line":19,"column":45},"end":{"line":19,"column":49}},"12":{"start":{"line":20,"column":6},"end":{"line":20,"column":44}},"13":{"start":{"line":22,"column":4},"end":{"line":22,"column":16}},"14":{"start":{"line":26,"column":32},"end":{"line":26,"column":67}},"15":{"start":{"line":27,"column":4},"end":{"line":37,"column":6}},"16":{"start":{"line":41,"column":27},"end":{"line":41,"column":67}},"17":{"start":{"line":42,"column":4},"end":{"line":45,"column":7}},"18":{"start":{"line":49,"column":20},"end":{"line":53,"column":6}},"19":{"start":{"line":54,"column":32},"end":{"line":54,"column":74}},"20":{"start":{"line":55,"column":4},"end":{"line":57,"column":6}},"21":{"start":{"line":9,"column":13},"end":{"line":9,"column":24}},"22":{"start":{"line":9,"column":13},"end":{"line":59,"column":null}}},"fnMap":{"0":{"name":"(anonymous_11)","decl":{"start":{"line":10,"column":2},"end":{"line":10,"column":null}},"loc":{"start":{"line":13,"column":40},"end":{"line":14,"column":6}}},"1":{"name":"(anonymous_12)","decl":{"start":{"line":16,"column":2},"end":{"line":16,"column":7}},"loc":{"start":{"line":16,"column":48},"end":{"line":23,"column":3}}},"2":{"name":"(anonymous_13)","decl":{"start":{"line":25,"column":2},"end":{"line":25,"column":7}},"loc":{"start":{"line":25,"column":22},"end":{"line":38,"column":3}}},"3":{"name":"(anonymous_14)","decl":{"start":{"line":40,"column":2},"end":{"line":40,"column":7}},"loc":{"start":{"line":40,"column":76},"end":{"line":46,"column":3}}},"4":{"name":"(anonymous_15)","decl":{"start":{"line":48,"column":2},"end":{"line":48,"column":9}},"loc":{"start":{"line":48,"column":30},"end":{"line":58,"column":3}}}},"branchMap":{"0":{"loc":{"start":{"line":18,"column":4},"end":{"line":21,"column":5}},"type":"if","locations":[{"start":{"line":18,"column":4},"end":{"line":21,"column":5}},{"start":{},"end":{}}]},"1":{"loc":{"start":{"line":18,"column":8},"end":{"line":18,"column":59}},"type":"binary-expr","locations":[{"start":{"line":18,"column":8},"end":{"line":18,"column":12}},{"start":{"line":18,"column":17},"end":{"line":18,"column":58}}]},"2":{"loc":{"start":{"line":31,"column":10},"end":{"line":32,"column":35}},"type":"binary-expr","locations":[{"start":{"line":31,"column":10},"end":{"line":31,"column":61}},{"start":{"line":32,"column":10},"end":{"line":32,"column":35}}]},"3":{"loc":{"start":{"line":34,"column":10},"end":{"line":35,"column":26}},"type":"binary-expr","locations":[{"start":{"line":34,"column":10},"end":{"line":34,"column":72}},{"start":{"line":35,"column":10},"end":{"line":35,"column":26}}]},"4":{"loc":{"start":{"line":51,"column":8},"end":{"line":52,"column":33}},"type":"binary-expr","locations":[{"start":{"line":51,"column":8},"end":{"line":51,"column":59}},{"start":{"line":52,"column":8},"end":{"line":52,"column":33}}]},"5":{"loc":{"start":{"line":11,"column":26},"end":{"line":11,"column":null}},"type":"cond-expr","locations":[{"start":{"line":11,"column":38},"end":{"line":11,"column":null}},{"start":{"line":11,"column":38},"end":{"line":11,"column":null}}]},"6":{"loc":{"start":{"line":11,"column":26},"end":{"line":11,"column":38}},"type":"binary-expr","locations":[{"start":{"line":11,"column":26},"end":{"line":11,"column":null}},{"start":{"line":11,"column":26},"end":{"line":11,"column":38}}]},"7":{"loc":{"start":{"line":11,"column":38},"end":{"line":12,"column":null}},"type":"cond-expr","locations":[{"start":{"line":12,"column":34},"end":{"line":12,"column":null}},{"start":{"line":12,"column":34},"end":{"line":12,"column":null}}]},"8":{"loc":{"start":{"line":11,"column":38},"end":{"line":12,"column":34}},"type":"binary-expr","locations":[{"start":{"line":11,"column":38},"end":{"line":12,"column":null}},{"start":{"line":12,"column":24},"end":{"line":12,"column":34}}]},"9":{"loc":{"start":{"line":12,"column":34},"end":{"line":13,"column":null}},"type":"cond-expr","locations":[{"start":{"line":13,"column":40},"end":{"line":13,"column":null}},{"start":{"line":13,"column":40},"end":{"line":13,"column":null}}]},"10":{"loc":{"start":{"line":12,"column":34},"end":{"line":13,"column":40}},"type":"binary-expr","locations":[{"start":{"line":12,"column":34},"end":{"line":13,"column":null}},{"start":{"line":13,"column":27},"end":{"line":13,"column":40}}]}},"s":{"0":9,"1":9,"2":9,"3":9,"4":9,"5":9,"6":5,"7":5,"8":5,"9":2,"10":2,"11":1,"12":1,"13":1,"14":1,"15":1,"16":1,"17":1,"18":1,"19":1,"20":1,"21":9,"22":9},"f":{"0":5,"1":2,"2":1,"3":1,"4":1},"b":{"0":[1,1],"1":[2,2],"2":[1,1],"3":[1,1],"4":[1,1],"5":[9,0],"6":[9,9],"7":[9,0],"8":[9,9],"9":[9,0],"10":[9,9]}}
,"C:\\projects\\Node Js\\localgem-api\\src\\auth\\jwt-auth.guard.ts": {"path":"C:\\projects\\Node Js\\localgem-api\\src\\auth\\jwt-auth.guard.ts","statementMap":{"0":{"start":{"line":1,"column":0},"end":{"line":1,"column":44}},"1":{"start":{"line":2,"column":0},"end":{"line":2,"column":45}},"2":{"start":{"line":5,"column":7},"end":{"line":5,"column":null}},"3":{"start":{"line":5,"column":13},"end":{"line":5,"column":25}},"4":{"start":{"line":5,"column":13},"end":{"line":5,"column":null}}},"fnMap":{},"branchMap":{},"s":{"0":6,"1":6,"2":6,"3":6,"4":6},"f":{},"b":{}}
,"C:\\projects\\Node Js\\localgem-api\\src\\auth\\jwt.strategy.ts": {"path":"C:\\projects\\Node Js\\localgem-api\\src\\auth\\jwt.strategy.ts","statementMap":{"0":{"start":{"line":1,"column":0},"end":{"line":1,"column":44}},"1":{"start":{"line":2,"column":0},"end":{"line":2,"column":52}},"2":{"start":{"line":3,"column":0},"end":{"line":3,"column":52}},"3":{"start":{"line":4,"column":0},"end":{"line":4,"column":47}},"4":{"start":{"line":8,"column":7},"end":{"line":20,"column":null}},"5":{"start":{"line":10,"column":4},"end":{"line":14,"column":7}},"6":{"start":{"line":9,"column":22},"end":{"line":9,"column":37}},"7":{"start":{"line":18,"column":4},"end":{"line":18,"column":53}},"8":{"start":{"line":8,"column":13},"end":{"line":8,"column":24}},"9":{"start":{"line":8,"column":13},"end":{"line":20,"column":null}}},"fnMap":{"0":{"name":"(anonymous_2)","decl":{"start":{"line":9,"column":2},"end":{"line":9,"column":22}},"loc":{"start":{"line":9,"column":50},"end":{"line":15,"column":3}}},"1":{"name":"(anonymous_3)","decl":{"start":{"line":17,"column":2},"end":{"line":17,"column":10}},"loc":{"start":{"line":17,"column":30},"end":{"line":19,"column":3}}}},"branchMap":{"0":{"loc":{"start":{"line":13,"column":19},"end":{"line":13,"column":79}},"type":"binary-expr","locations":[{"start":{"line":13,"column":19},"end":{"line":13,"column":58}},{"start":{"line":13,"column":62},"end":{"line":13,"column":79}}]},"1":{"loc":{"start":{"line":9,"column":37},"end":{"line":9,"column":null}},"type":"cond-expr","locations":[{"start":{"line":9,"column":50},"end":{"line":9,"column":null}},{"start":{"line":9,"column":50},"end":{"line":9,"column":null}}]},"2":{"loc":{"start":{"line":9,"column":37},"end":{"line":9,"column":50}},"type":"binary-expr","locations":[{"start":{"line":9,"column":37},"end":{"line":9,"column":null}},{"start":{"line":9,"column":37},"end":{"line":9,"column":50}}]}},"s":{"0":7,"1":7,"2":7,"3":7,"4":7,"5":2,"6":2,"7":1,"8":7,"9":7},"f":{"0":2,"1":1},"b":{"0":[2,1],"1":[7,0],"2":[7,7]}}
,"C:\\projects\\Node Js\\localgem-api\\src\\auth\\local-auth.guard.ts": {"path":"C:\\projects\\Node Js\\localgem-api\\src\\auth\\local-auth.guard.ts","statementMap":{"0":{"start":{"line":1,"column":0},"end":{"line":1,"column":44}},"1":{"start":{"line":2,"column":0},"end":{"line":2,"column":45}},"2":{"start":{"line":5,"column":7},"end":{"line":5,"column":null}},"3":{"start":{"line":5,"column":13},"end":{"line":5,"column":27}},"4":{"start":{"line":5,"column":13},"end":{"line":5,"column":null}}},"fnMap":{},"branchMap":{},"s":{"0":8,"1":8,"2":8,"3":8,"4":8},"f":{},"b":{}}
,"C:\\projects\\Node Js\\localgem-api\\src\\auth\\local.strategy.ts": {"path":"C:\\projects\\Node Js\\localgem-api\\src\\auth\\local.strategy.ts","statementMap":{"0":{"start":{"line":1,"column":0},"end":{"line":1,"column":42}},"1":{"start":{"line":2,"column":0},"end":{"line":2,"column":52}},"2":{"start":{"line":3,"column":0},"end":{"line":3,"column":67}},"3":{"start":{"line":4,"column":0},"end":{"line":4,"column":45}},"4":{"start":{"line":8,"column":7},"end":{"line":20,"column":null}},"5":{"start":{"line":10,"column":4},"end":{"line":10,"column":38}},"6":{"start":{"line":9,"column":22},"end":{"line":9,"column":35}},"7":{"start":{"line":14,"column":17},"end":{"line":14,"column":69}},"8":{"start":{"line":15,"column":4},"end":{"line":17,"column":5}},"9":{"start":{"line":16,"column":6},"end":{"line":16,"column":40}},"10":{"start":{"line":18,"column":4},"end":{"line":18,"column":16}},"11":{"start":{"line":8,"column":13},"end":{"line":8,"column":26}},"12":{"start":{"line":8,"column":13},"end":{"line":20,"column":null}}},"fnMap":{"0":{"name":"(anonymous_2)","decl":{"start":{"line":9,"column":2},"end":{"line":9,"column":22}},"loc":{"start":{"line":9,"column":46},"end":{"line":11,"column":3}}},"1":{"name":"(anonymous_3)","decl":{"start":{"line":13,"column":2},"end":{"line":13,"column":7}},"loc":{"start":{"line":13,"column":48},"end":{"line":19,"column":3}}}},"branchMap":{"0":{"loc":{"start":{"line":15,"column":4},"end":{"line":17,"column":5}},"type":"if","locations":[{"start":{"line":15,"column":4},"end":{"line":17,"column":5}},{"start":{},"end":{}}]},"1":{"loc":{"start":{"line":9,"column":35},"end":{"line":9,"column":null}},"type":"cond-expr","locations":[{"start":{"line":9,"column":46},"end":{"line":9,"column":null}},{"start":{"line":9,"column":46},"end":{"line":9,"column":null}}]},"2":{"loc":{"start":{"line":9,"column":35},"end":{"line":9,"column":46}},"type":"binary-expr","locations":[{"start":{"line":9,"column":35},"end":{"line":9,"column":null}},{"start":{"line":9,"column":35},"end":{"line":9,"column":46}}]}},"s":{"0":7,"1":7,"2":7,"3":7,"4":7,"5":2,"6":2,"7":2,"8":2,"9":1,"10":1,"11":7,"12":7},"f":{"0":2,"1":2},"b":{"0":[1,1],"1":[7,0],"2":[7,7]}}
,"C:\\projects\\Node Js\\localgem-api\\src\\config\\configuration.ts": {"path":"C:\\projects\\Node Js\\localgem-api\\src\\config\\configuration.ts","statementMap":{"0":{"start":{"line":1,"column":0},"end":{"line":18,"column":3}},"1":{"start":{"line":1,"column":22},"end":{"line":18,"column":2}}},"fnMap":{"0":{"name":"(anonymous_0)","decl":{"start":{"line":1,"column":15},"end":{"line":1,"column":18}},"loc":{"start":{"line":1,"column":22},"end":{"line":18,"column":2}}}},"branchMap":{"0":{"loc":{"start":{"line":3,"column":10},"end":{"line":3,"column":44}},"type":"binary-expr","locations":[{"start":{"line":3,"column":10},"end":{"line":3,"column":29}},{"start":{"line":3,"column":33},"end":{"line":3,"column":44}}]},"1":{"loc":{"start":{"line":4,"column":19},"end":{"line":4,"column":48}},"type":"binary-expr","locations":[{"start":{"line":4,"column":19},"end":{"line":4,"column":38}},{"start":{"line":4,"column":42},"end":{"line":4,"column":48}}]},"2":{"loc":{"start":{"line":5,"column":14},"end":{"line":5,"column":47}},"type":"binary-expr","locations":[{"start":{"line":5,"column":14},"end":{"line":5,"column":37}},{"start":{"line":5,"column":41},"end":{"line":5,"column":47}}]},"3":{"loc":{"start":{"line":6,"column":14},"end":{"line":6,"column":43}},"type":"binary-expr","locations":[{"start":{"line":6,"column":14},"end":{"line":6,"column":37}},{"start":{"line":6,"column":41},"end":{"line":6,"column":43}}]},"4":{"loc":{"start":{"line":7,"column":10},"end":{"line":7,"column":43}},"type":"binary-expr","locations":[{"start":{"line":7,"column":10},"end":{"line":7,"column":29}},{"start":{"line":7,"column":33},"end":{"line":7,"column":43}}]},"5":{"loc":{"start":{"line":10,"column":12},"end":{"line":10,"column":55}},"type":"binary-expr","locations":[{"start":{"line":10,"column":12},"end":{"line":10,"column":34}},{"start":{"line":10,"column":38},"end":{"line":10,"column":55}}]},"6":{"loc":{"start":{"line":11,"column":24},"end":{"line":11,"column":59}},"type":"binary-expr","locations":[{"start":{"line":11,"column":24},"end":{"line":11,"column":50}},{"start":{"line":11,"column":54},"end":{"line":11,"column":59}}]},"7":{"loc":{"start":{"line":12,"column":19},"end":{"line":12,"column":78}},"type":"binary-expr","locations":[{"start":{"line":12,"column":19},"end":{"line":12,"column":49}},{"start":{"line":12,"column":53},"end":{"line":12,"column":78}}]},"8":{"loc":{"start":{"line":14,"column":6},"end":{"line":14,"column":52}},"type":"binary-expr","locations":[{"start":{"line":14,"column":6},"end":{"line":14,"column":40}},{"start":{"line":14,"column":44},"end":{"line":14,"column":52}}]}},"s":{"0":5,"1":2},"f":{"0":2},"b":{"0":[2,2],"1":[2,1],"2":[2,2],"3":[2,2],"4":[2,2],"5":[2,2],"6":[2,1],"7":[2,2],"8":[2,1]}}
,"C:\\projects\\Node Js\\localgem-api\\src\\places\\places.controller.ts": {"path":"C:\\projects\\Node Js\\localgem-api\\src\\places\\places.controller.ts","statementMap":{"0":{"start":{"line":1,"column":0},"end":{"line":1,"column":null}},"1":{"start":{"line":13,"column":0},"end":{"line":13,"column":49}},"2":{"start":{"line":15,"column":0},"end":{"line":15,"column":54}},"3":{"start":{"line":21,"column":7},"end":{"line":60,"column":null}},"4":{"start":{"line":22,"column":31},"end":{"line":22,"column":46}},"5":{"start":{"line":29,"column":19},"end":{"line":29,"column":30}},"6":{"start":{"line":30,"column":4},"end":{"line":30,"column":60}},"7":{"start":{"line":38,"column":19},"end":{"line":38,"column":30}},"8":{"start":{"line":39,"column":4},"end":{"line":39,"column":66}},"9":{"start":{"line":47,"column":19},"end":{"line":47,"column":30}},"10":{"start":{"line":48,"column":4},"end":{"line":48,"column":59}},"11":{"start":{"line":57,"column":19},"end":{"line":57,"column":30}},"12":{"start":{"line":58,"column":4},"end":{"line":58,"column":71}},"13":{"start":{"line":21,"column":13},"end":{"line":21,"column":29}},"14":{"start":{"line":25,"column":2},"end":{"line":31,"column":null}},"15":{"start":{"line":34,"column":2},"end":{"line":40,"column":null}},"16":{"start":{"line":43,"column":2},"end":{"line":49,"column":null}},"17":{"start":{"line":52,"column":2},"end":{"line":59,"column":null}},"18":{"start":{"line":21,"column":13},"end":{"line":60,"column":null}}},"fnMap":{"0":{"name":"(anonymous_4)","decl":{"start":{"line":22,"column":2},"end":{"line":22,"column":31}},"loc":{"start":{"line":22,"column":59},"end":{"line":22,"column":63}}},"1":{"name":"(anonymous_5)","decl":{"start":{"line":25,"column":2},"end":{"line":25,"column":9}},"loc":{"start":{"line":27,"column":32},"end":{"line":31,"column":3}}},"2":{"name":"(anonymous_6)","decl":{"start":{"line":34,"column":2},"end":{"line":34,"column":9}},"loc":{"start":{"line":36,"column":51},"end":{"line":40,"column":3}}},"3":{"name":"(anonymous_7)","decl":{"start":{"line":43,"column":2},"end":{"line":43,"column":8}},"loc":{"start":{"line":45,"column":51},"end":{"line":49,"column":3}}},"4":{"name":"(anonymous_8)","decl":{"start":{"line":52,"column":2},"end":{"line":52,"column":8}},"loc":{"start":{"line":55,"column":51},"end":{"line":59,"column":3}}}},"branchMap":{"0":{"loc":{"start":{"line":28,"column":5},"end":{"line":28,"column":null}},"type":"cond-expr","locations":[{"start":{"line":28,"column":12},"end":{"line":28,"column":null}},{"start":{"line":28,"column":12},"end":{"line":28,"column":null}}]},"1":{"loc":{"start":{"line":28,"column":5},"end":{"line":28,"column":12}},"type":"binary-expr","locations":[{"start":{"line":28,"column":5},"end":{"line":28,"column":null}},{"start":{"line":28,"column":5},"end":{"line":28,"column":12}}]},"2":{"loc":{"start":{"line":37,"column":5},"end":{"line":37,"column":null}},"type":"cond-expr","locations":[{"start":{"line":37,"column":12},"end":{"line":37,"column":null}},{"start":{"line":37,"column":12},"end":{"line":37,"column":null}}]},"3":{"loc":{"start":{"line":37,"column":5},"end":{"line":37,"column":12}},"type":"binary-expr","locations":[{"start":{"line":37,"column":5},"end":{"line":37,"column":null}},{"start":{"line":37,"column":5},"end":{"line":37,"column":12}}]},"4":{"loc":{"start":{"line":44,"column":18},"end":{"line":44,"column":32}},"type":"cond-expr","locations":[{"start":{"line":44,"column":25},"end":{"line":44,"column":32}},{"start":{"line":44,"column":25},"end":{"line":44,"column":32}}]},"5":{"loc":{"start":{"line":44,"column":18},"end":{"line":44,"column":25}},"type":"binary-expr","locations":[{"start":{"line":44,"column":18},"end":{"line":44,"column":32}},{"start":{"line":44,"column":18},"end":{"line":44,"column":25}}]},"6":{"loc":{"start":{"line":46,"column":5},"end":{"line":46,"column":null}},"type":"cond-expr","locations":[{"start":{"line":46,"column":12},"end":{"line":46,"column":null}},{"start":{"line":46,"column":12},"end":{"line":46,"column":null}}]},"7":{"loc":{"start":{"line":46,"column":5},"end":{"line":46,"column":12}},"type":"binary-expr","locations":[{"start":{"line":46,"column":5},"end":{"line":46,"column":null}},{"start":{"line":46,"column":5},"end":{"line":46,"column":12}}]},"8":{"loc":{"start":{"line":54,"column":18},"end":{"line":54,"column":32}},"type":"cond-expr","locations":[{"start":{"line":54,"column":25},"end":{"line":54,"column":32}},{"start":{"line":54,"column":25},"end":{"line":54,"column":32}}]},"9":{"loc":{"start":{"line":54,"column":18},"end":{"line":54,"column":25}},"type":"binary-expr","locations":[{"start":{"line":54,"column":18},"end":{"line":54,"column":32}},{"start":{"line":54,"column":18},"end":{"line":54,"column":25}}]},"10":{"loc":{"start":{"line":56,"column":5},"end":{"line":56,"column":null}},"type":"cond-expr","locations":[{"start":{"line":56,"column":12},"end":{"line":56,"column":null}},{"start":{"line":56,"column":12},"end":{"line":56,"column":null}}]},"11":{"loc":{"start":{"line":56,"column":5},"end":{"line":56,"column":12}},"type":"binary-expr","locations":[{"start":{"line":56,"column":5},"end":{"line":56,"column":null}},{"start":{"line":56,"column":5},"end":{"line":56,"column":12}}]},"12":{"loc":{"start":{"line":22,"column":46},"end":{"line":22,"column":62}},"type":"cond-expr","locations":[{"start":{"line":22,"column":59},"end":{"line":22,"column":62}},{"start":{"line":22,"column":59},"end":{"line":22,"column":62}}]},"13":{"loc":{"start":{"line":22,"column":46},"end":{"line":22,"column":59}},"type":"binary-expr","locations":[{"start":{"line":22,"column":46},"end":{"line":22,"column":62}},{"start":{"line":22,"column":46},"end":{"line":22,"column":59}}]}},"s":{"0":6,"1":6,"2":6,"3":6,"4":5,"5":1,"6":1,"7":1,"8":1,"9":1,"10":1,"11":1,"12":1,"13":6,"14":6,"15":6,"16":6,"17":6,"18":6},"f":{"0":5,"1":1,"2":1,"3":1,"4":1},"b":{"0":[6,0],"1":[6,6],"2":[6,0],"3":[6,6],"4":[0,6],"5":[6,0],"6":[6,0],"7":[6,6],"8":[0,6],"9":[6,0],"10":[6,0],"11":[6,6],"12":[6,0],"13":[6,6]}}
,"C:\\projects\\Node Js\\localgem-api\\src\\places\\places.module.ts": {"path":"C:\\projects\\Node Js\\localgem-api\\src\\places\\places.module.ts","statementMap":{"0":{"start":{"line":1,"column":0},"end":{"line":1,"column":40}},"1":{"start":{"line":2,"column":0},"end":{"line":2,"column":48}},"2":{"start":{"line":3,"column":0},"end":{"line":3,"column":49}},"3":{"start":{"line":4,"column":0},"end":{"line":4,"column":55}},"4":{"start":{"line":5,"column":0},"end":{"line":5,"column":48}},"5":{"start":{"line":12,"column":7},"end":{"line":12,"column":null}},"6":{"start":{"line":12,"column":13},"end":{"line":12,"column":25}},"7":{"start":{"line":12,"column":13},"end":{"line":12,"column":null}}},"fnMap":{},"branchMap":{},"s":{"0":5,"1":5,"2":5,"3":5,"4":5,"5":5,"6":5,"7":5},"f":{},"b":{}}
,"C:\\projects\\Node Js\\localgem-api\\src\\places\\places.service.ts": {"path":"C:\\projects\\Node Js\\localgem-api\\src\\places\\places.service.ts","statementMap":{"0":{"start":{"line":1,"column":0},"end":{"line":1,"column":44}},"1":{"start":{"line":2,"column":0},"end":{"line":2,"column":51}},"2":{"start":{"line":3,"column":0},"end":{"line":3,"column":37}},"3":{"start":{"line":4,"column":0},"end":{"line":4,"column":48}},"4":{"start":{"line":7,"column":7},"end":{"line":68,"column":null}},"5":{"start":{"line":10,"column":12},"end":{"line":10,"column":29}},"6":{"start":{"line":14,"column":4},"end":{"line":19,"column":5}},"7":{"start":{"line":15,"column":6},"end":{"line":18,"column":9}},"8":{"start":{"line":21,"column":18},"end":{"line":24,"column":22}},"9":{"start":{"line":23,"column":18},"end":{"line":23,"column":40}},"10":{"start":{"line":26,"column":13},"end":{"line":29,"column":41}},"11":{"start":{"line":31,"column":4},"end":{"line":36,"column":7}},"12":{"start":{"line":32,"column":6},"end":{"line":35,"column":8}},"13":{"start":{"line":38,"column":4},"end":{"line":38,"column":24}},"14":{"start":{"line":42,"column":18},"end":{"line":44,"column":6}},"15":{"start":{"line":45,"column":4},"end":{"line":45,"column":73}},"16":{"start":{"line":49,"column":21},"end":{"line":52,"column":6}},"17":{"start":{"line":53,"column":4},"end":{"line":53,"column":47}},"18":{"start":{"line":61,"column":4},"end":{"line":61,"column":74}},"19":{"start":{"line":62,"column":4},"end":{"line":62,"column":36}},"20":{"start":{"line":66,"column":4},"end":{"line":66,"column":68}},"21":{"start":{"line":7,"column":13},"end":{"line":7,"column":26}},"22":{"start":{"line":7,"column":13},"end":{"line":68,"column":null}}},"fnMap":{"0":{"name":"(anonymous_4)","decl":{"start":{"line":8,"column":2},"end":{"line":8,"column":null}},"loc":{"start":{"line":10,"column":46},"end":{"line":11,"column":6}}},"1":{"name":"(anonymous_5)","decl":{"start":{"line":13,"column":2},"end":{"line":13,"column":9}},"loc":{"start":{"line":13,"column":39},"end":{"line":39,"column":3}}},"2":{"name":"(anonymous_6)","decl":{"start":{"line":23,"column":11},"end":{"line":23,"column":12}},"loc":{"start":{"line":23,"column":18},"end":{"line":23,"column":40}}},"3":{"name":"(anonymous_7)","decl":{"start":{"line":31,"column":18},"end":{"line":31,"column":19}},"loc":{"start":{"line":31,"column":30},"end":{"line":36,"column":5}}},"4":{"name":"(anonymous_8)","decl":{"start":{"line":41,"column":2},"end":{"line":41,"column":7}},"loc":{"start":{"line":41,"column":42},"end":{"line":46,"column":3}}},"5":{"name":"(anonymous_9)","decl":{"start":{"line":48,"column":2},"end":{"line":48,"column":8}},"loc":{"start":{"line":48,"column":45},"end":{"line":54,"column":3}}},"6":{"name":"(anonymous_10)","decl":{"start":{"line":56,"column":2},"end":{"line":56,"column":7}},"loc":{"start":{"line":59,"column":18},"end":{"line":63,"column":3}}},"7":{"name":"(anonymous_11)","decl":{"start":{"line":65,"column":2},"end":{"line":65,"column":7}},"loc":{"start":{"line":65,"column":41},"end":{"line":67,"column":3}}}},"branchMap":{"0":{"loc":{"start":{"line":14,"column":4},"end":{"line":19,"column":5}},"type":"if","locations":[{"start":{"line":14,"column":4},"end":{"line":19,"column":5}},{"start":{},"end":{}}]},"1":{"loc":{"start":{"line":45,"column":11},"end":{"line":45,"column":72}},"type":"cond-expr","locations":[{"start":{"line":45,"column":19},"end":{"line":45,"column":41}},{"start":{"line":45,"column":44},"end":{"line":45,"column":72}}]},"2":{"loc":{"start":{"line":10,"column":29},"end":{"line":10,"column":46}},"type":"cond-expr","locations":[{"start":{"line":10,"column":39},"end":{"line":10,"column":46}},{"start":{"line":10,"column":39},"end":{"line":10,"column":46}}]},"3":{"loc":{"start":{"line":10,"column":29},"end":{"line":10,"column":39}},"type":"binary-expr","locations":[{"start":{"line":10,"column":29},"end":{"line":10,"column":46}},{"start":{"line":10,"column":29},"end":{"line":10,"column":39}}]}},"s":{"0":7,"1":7,"2":7,"3":7,"4":7,"5":8,"6":2,"7":1,"8":1,"9":2,"10":1,"11":1,"12":2,"13":1,"14":2,"15":2,"16":1,"17":1,"18":1,"19":1,"20":1,"21":7,"22":7},"f":{"0":8,"1":2,"2":2,"3":2,"4":2,"5":1,"6":1,"7":1},"b":{"0":[1,1],"1":[1,1],"2":[7,0],"3":[7,7]}}
,"C:\\projects\\Node Js\\localgem-api\\src\\places\\entities\\place.entity.ts": {"path":"C:\\projects\\Node Js\\localgem-api\\src\\places\\entities\\place.entity.ts","statementMap":{"0":{"start":{"line":1,"column":0},"end":{"line":1,"column":null}},"1":{"start":{"line":9,"column":0},"end":{"line":9,"column":56}},"2":{"start":{"line":12,"column":7},"end":{"line":54,"column":null}},"3":{"start":{"line":12,"column":13},"end":{"line":12,"column":18}},"4":{"start":{"line":14,"column":2},"end":{"line":14,"column":null}},"5":{"start":{"line":17,"column":2},"end":{"line":17,"column":null}},"6":{"start":{"line":20,"column":2},"end":{"line":20,"column":null}},"7":{"start":{"line":23,"column":2},"end":{"line":23,"column":null}},"8":{"start":{"line":26,"column":2},"end":{"line":26,"column":null}},"9":{"start":{"line":29,"column":2},"end":{"line":29,"column":null}},"10":{"start":{"line":32,"column":2},"end":{"line":32,"column":null}},"11":{"start":{"line":35,"column":2},"end":{"line":35,"column":null}},"12":{"start":{"line":38,"column":2},"end":{"line":38,"column":null}},"13":{"start":{"line":41,"column":2},"end":{"line":41,"column":null}},"14":{"start":{"line":47,"column":2},"end":{"line":47,"column":null}},"15":{"start":{"line":43,"column":19},"end":{"line":43,"column":23}},"16":{"start":{"line":43,"column":35},"end":{"line":43,"column":46}},"17":{"start":{"line":50,"column":2},"end":{"line":50,"column":null}},"18":{"start":{"line":53,"column":2},"end":{"line":53,"column":null}},"19":{"start":{"line":12,"column":13},"end":{"line":54,"column":null}}},"fnMap":{"0":{"name":"(anonymous_2)","decl":{"start":{"line":43,"column":13},"end":{"line":43,"column":16}},"loc":{"start":{"line":43,"column":19},"end":{"line":43,"column":23}}},"1":{"name":"(anonymous_3)","decl":{"start":{"line":43,"column":25},"end":{"line":43,"column":26}},"loc":{"start":{"line":43,"column":35},"end":{"line":43,"column":46}}}},"branchMap":{"0":{"loc":{"start":{"line":47,"column":8},"end":{"line":47,"column":13}},"type":"cond-expr","locations":[{"start":{"line":47,"column":12},"end":{"line":47,"column":13}},{"start":{"line":47,"column":12},"end":{"line":47,"column":13}}]},"1":{"loc":{"start":{"line":47,"column":8},"end":{"line":47,"column":12}},"type":"binary-expr","locations":[{"start":{"line":47,"column":8},"end":{"line":47,"column":13}},{"start":{"line":47,"column":8},"end":{"line":47,"column":12}}]},"2":{"loc":{"start":{"line":50,"column":13},"end":{"line":50,"column":18}},"type":"cond-expr","locations":[{"start":{"line":50,"column":17},"end":{"line":50,"column":18}},{"start":{"line":50,"column":17},"end":{"line":50,"column":18}}]},"3":{"loc":{"start":{"line":50,"column":13},"end":{"line":50,"column":17}},"type":"binary-expr","locations":[{"start":{"line":50,"column":13},"end":{"line":50,"column":18}},{"start":{"line":50,"column":13},"end":{"line":50,"column":17}}]},"4":{"loc":{"start":{"line":53,"column":13},"end":{"line":53,"column":18}},"type":"cond-expr","locations":[{"start":{"line":53,"column":17},"end":{"line":53,"column":18}},{"start":{"line":53,"column":17},"end":{"line":53,"column":18}}]},"5":{"loc":{"start":{"line":53,"column":13},"end":{"line":53,"column":17}},"type":"binary-expr","locations":[{"start":{"line":53,"column":13},"end":{"line":53,"column":18}},{"start":{"line":53,"column":13},"end":{"line":53,"column":17}}]}},"s":{"0":17,"1":17,"2":17,"3":17,"4":17,"5":17,"6":17,"7":17,"8":17,"9":17,"10":17,"11":17,"12":17,"13":17,"14":17,"15":1,"16":0,"17":17,"18":17,"19":17},"f":{"0":1,"1":0},"b":{"0":[8,9],"1":[17,8],"2":[17,0],"3":[17,17],"4":[17,0],"5":[17,17]}}
,"C:\\projects\\Node Js\\localgem-api\\src\\places\\entities\\review.entity.ts": {"path":"C:\\projects\\Node Js\\localgem-api\\src\\places\\entities\\review.entity.ts","statementMap":{"0":{"start":{"line":1,"column":0},"end":{"line":1,"column":120}},"1":{"start":{"line":2,"column":0},"end":{"line":2,"column":56}},"2":{"start":{"line":3,"column":0},"end":{"line":3,"column":39}},"3":{"start":{"line":7,"column":7},"end":{"line":28,"column":null}},"4":{"start":{"line":7,"column":13},"end":{"line":7,"column":19}},"5":{"start":{"line":9,"column":2},"end":{"line":9,"column":null}},"6":{"start":{"line":12,"column":2},"end":{"line":12,"column":18}},"7":{"start":{"line":15,"column":2},"end":{"line":15,"column":null}},"8":{"start":{"line":18,"column":2},"end":{"line":18,"column":null}},"9":{"start":{"line":17,"column":19},"end":{"line":17,"column":23}},"10":{"start":{"line":17,"column":35},"end":{"line":17,"column":42}},"11":{"start":{"line":21,"column":2},"end":{"line":21,"column":null}},"12":{"start":{"line":20,"column":19},"end":{"line":20,"column":24}},"13":{"start":{"line":24,"column":2},"end":{"line":24,"column":null}},"14":{"start":{"line":27,"column":2},"end":{"line":27,"column":null}},"15":{"start":{"line":7,"column":13},"end":{"line":28,"column":null}}},"fnMap":{"0":{"name":"(anonymous_2)","decl":{"start":{"line":17,"column":13},"end":{"line":17,"column":16}},"loc":{"start":{"line":17,"column":19},"end":{"line":17,"column":23}}},"1":{"name":"(anonymous_3)","decl":{"start":{"line":17,"column":25},"end":{"line":17,"column":26}},"loc":{"start":{"line":17,"column":35},"end":{"line":17,"column":42}}},"2":{"name":"(anonymous_4)","decl":{"start":{"line":20,"column":13},"end":{"line":20,"column":16}},"loc":{"start":{"line":20,"column":19},"end":{"line":20,"column":24}}}},"branchMap":{"0":{"loc":{"start":{"line":18,"column":8},"end":{"line":18,"column":13}},"type":"cond-expr","locations":[{"start":{"line":18,"column":12},"end":{"line":18,"column":13}},{"start":{"line":18,"column":12},"end":{"line":18,"column":13}}]},"1":{"loc":{"start":{"line":18,"column":8},"end":{"line":18,"column":12}},"type":"binary-expr","locations":[{"start":{"line":18,"column":8},"end":{"line":18,"column":13}},{"start":{"line":18,"column":8},"end":{"line":18,"column":12}}]},"2":{"loc":{"start":{"line":21,"column":9},"end":{"line":21,"column":15}},"type":"cond-expr","locations":[{"start":{"line":21,"column":14},"end":{"line":21,"column":15}},{"start":{"line":21,"column":14},"end":{"line":21,"column":15}}]},"3":{"loc":{"start":{"line":21,"column":9},"end":{"line":21,"column":14}},"type":"binary-expr","locations":[{"start":{"line":21,"column":9},"end":{"line":21,"column":15}},{"start":{"line":21,"column":9},"end":{"line":21,"column":14}}]},"4":{"loc":{"start":{"line":24,"column":13},"end":{"line":24,"column":18}},"type":"cond-expr","locations":[{"start":{"line":24,"column":17},"end":{"line":24,"column":18}},{"start":{"line":24,"column":17},"end":{"line":24,"column":18}}]},"5":{"loc":{"start":{"line":24,"column":13},"end":{"line":24,"column":17}},"type":"binary-expr","locations":[{"start":{"line":24,"column":13},"end":{"line":24,"column":18}},{"start":{"line":24,"column":13},"end":{"line":24,"column":17}}]},"6":{"loc":{"start":{"line":27,"column":13},"end":{"line":27,"column":18}},"type":"cond-expr","locations":[{"start":{"line":27,"column":17},"end":{"line":27,"column":18}},{"start":{"line":27,"column":17},"end":{"line":27,"column":18}}]},"7":{"loc":{"start":{"line":27,"column":13},"end":{"line":27,"column":17}},"type":"binary-expr","locations":[{"start":{"line":27,"column":13},"end":{"line":27,"column":18}},{"start":{"line":27,"column":13},"end":{"line":27,"column":17}}]}},"s":{"0":5,"1":5,"2":5,"3":5,"4":5,"5":5,"6":5,"7":5,"8":5,"9":1,"10":0,"11":5,"12":1,"13":5,"14":5,"15":5},"f":{"0":1,"1":0,"2":1},"b":{"0":[5,0],"1":[5,5],"2":[5,0],"3":[5,5],"4":[5,0],"5":[5,5],"6":[5,0],"7":[5,5]}}
,"C:\\projects\\Node Js\\localgem-api\\src\\places\\entities\\tag.entity.ts": {"path":"C:\\projects\\Node Js\\localgem-api\\src\\places\\entities\\tag.entity.ts","statementMap":{"0":{"start":{"line":1,"column":0},"end":{"line":1,"column":null}},"1":{"start":{"line":13,"column":7},"end":{"line":36,"column":null}},"2":{"start":{"line":26,"column":4},"end":{"line":34,"column":5}},"3":{"start":{"line":27,"column":19},"end":{"line":32,"column":29}},"4":{"start":{"line":33,"column":6},"end":{"line":33,"column":23}},"5":{"start":{"line":13,"column":13},"end":{"line":13,"column":16}},"6":{"start":{"line":15,"column":2},"end":{"line":15,"column":null}},"7":{"start":{"line":18,"column":2},"end":{"line":18,"column":null}},"8":{"start":{"line":21,"column":2},"end":{"line":21,"column":null}},"9":{"start":{"line":25,"column":10},"end":{"line":35,"column":null}},"10":{"start":{"line":13,"column":13},"end":{"line":36,"column":null}}},"fnMap":{"0":{"name":"(anonymous_2)","decl":{"start":{"line":25,"column":10},"end":{"line":25,"column":17}},"loc":{"start":{"line":25,"column":17},"end":{"line":35,"column":3}}}},"branchMap":{"0":{"loc":{"start":{"line":26,"column":4},"end":{"line":34,"column":5}},"type":"if","locations":[{"start":{"line":26,"column":4},"end":{"line":34,"column":5}},{"start":{},"end":{}}]}},"s":{"0":1,"1":1,"2":1,"3":1,"4":1,"5":1,"6":1,"7":1,"8":1,"9":1,"10":1},"f":{"0":1},"b":{"0":[1,0]}}
,"C:\\projects\\Node Js\\localgem-api\\src\\users\\users.module.ts": {"path":"C:\\projects\\Node Js\\localgem-api\\src\\users\\users.module.ts","statementMap":{"0":{"start":{"line":1,"column":0},"end":{"line":1,"column":40}},"1":{"start":{"line":2,"column":0},"end":{"line":2,"column":48}},"2":{"start":{"line":3,"column":0},"end":{"line":3,"column":46}},"3":{"start":{"line":4,"column":0},"end":{"line":4,"column":47}},"4":{"start":{"line":11,"column":7},"end":{"line":11,"column":null}},"5":{"start":{"line":11,"column":13},"end":{"line":11,"column":24}},"6":{"start":{"line":11,"column":13},"end":{"line":11,"column":null}}},"fnMap":{},"branchMap":{},"s":{"0":7,"1":7,"2":7,"3":7,"4":7,"5":7,"6":7},"f":{},"b":{}}
,"C:\\projects\\Node Js\\localgem-api\\src\\users\\users.service.ts": {"path":"C:\\projects\\Node Js\\localgem-api\\src\\users\\users.service.ts","statementMap":{"0":{"start":{"line":1,"column":0},"end":{"line":1,"column":63}},"1":{"start":{"line":2,"column":0},"end":{"line":2,"column":51}},"2":{"start":{"line":3,"column":0},"end":{"line":3,"column":37}},"3":{"start":{"line":4,"column":0},"end":{"line":4,"column":46}},"4":{"start":{"line":7,"column":7},"end":{"line":29,"column":null}},"5":{"start":{"line":10,"column":12},"end":{"line":10,"column":29}},"6":{"start":{"line":14,"column":4},"end":{"line":14,"column":62}},"7":{"start":{"line":18,"column":17},"end":{"line":18,"column":54}},"8":{"start":{"line":19,"column":4},"end":{"line":19,"column":43}},"9":{"start":{"line":23,"column":17},"end":{"line":23,"column":70}},"10":{"start":{"line":24,"column":4},"end":{"line":26,"column":5}},"11":{"start":{"line":25,"column":6},"end":{"line":25,"column":52}},"12":{"start":{"line":27,"column":4},"end":{"line":27,"column":16}},"13":{"start":{"line":7,"column":13},"end":{"line":7,"column":25}},"14":{"start":{"line":7,"column":13},"end":{"line":29,"column":null}}},"fnMap":{"0":{"name":"(anonymous_4)","decl":{"start":{"line":8,"column":2},"end":{"line":8,"column":null}},"loc":{"start":{"line":10,"column":45},"end":{"line":11,"column":6}}},"1":{"name":"(anonymous_5)","decl":{"start":{"line":13,"column":2},"end":{"line":13,"column":7}},"loc":{"start":{"line":13,"column":33},"end":{"line":15,"column":3}}},"2":{"name":"(anonymous_6)","decl":{"start":{"line":17,"column":2},"end":{"line":17,"column":7}},"loc":{"start":{"line":17,"column":38},"end":{"line":20,"column":3}}},"3":{"name":"(anonymous_7)","decl":{"start":{"line":22,"column":2},"end":{"line":22,"column":7}},"loc":{"start":{"line":22,"column":26},"end":{"line":28,"column":3}}}},"branchMap":{"0":{"loc":{"start":{"line":24,"column":4},"end":{"line":26,"column":5}},"type":"if","locations":[{"start":{"line":24,"column":4},"end":{"line":26,"column":5}},{"start":{},"end":{}}]},"1":{"loc":{"start":{"line":10,"column":29},"end":{"line":10,"column":45}},"type":"cond-expr","locations":[{"start":{"line":10,"column":39},"end":{"line":10,"column":45}},{"start":{"line":10,"column":39},"end":{"line":10,"column":45}}]},"2":{"loc":{"start":{"line":10,"column":29},"end":{"line":10,"column":39}},"type":"binary-expr","locations":[{"start":{"line":10,"column":29},"end":{"line":10,"column":45}},{"start":{"line":10,"column":29},"end":{"line":10,"column":39}}]}},"s":{"0":11,"1":11,"2":11,"3":11,"4":11,"5":3,"6":2,"7":1,"8":1,"9":2,"10":2,"11":1,"12":1,"13":11,"14":11},"f":{"0":3,"1":2,"2":1,"3":2},"b":{"0":[1,1],"1":[11,0],"2":[11,11]}}
,"C:\\projects\\Node Js\\localgem-api\\src\\users\\entities\\user.entity.ts": {"path":"C:\\projects\\Node Js\\localgem-api\\src\\users\\entities\\user.entity.ts","statementMap":{"0":{"start":{"line":1,"column":0},"end":{"line":1,"column":76}},"1":{"start":{"line":2,"column":0},"end":{"line":2,"column":59}},"2":{"start":{"line":5,"column":7},"end":{"line":20,"column":null}},"3":{"start":{"line":5,"column":13},"end":{"line":5,"column":17}},"4":{"start":{"line":7,"column":2},"end":{"line":7,"column":null}},"5":{"start":{"line":10,"column":2},"end":{"line":10,"column":null}},"6":{"start":{"line":13,"column":2},"end":{"line":13,"column":null}},"7":{"start":{"line":16,"column":2},"end":{"line":16,"column":null}},"8":{"start":{"line":19,"column":2},"end":{"line":19,"column":null}},"9":{"start":{"line":18,"column":19},"end":{"line":18,"column":24}},"10":{"start":{"line":18,"column":37},"end":{"line":18,"column":47}},"11":{"start":{"line":5,"column":13},"end":{"line":20,"column":null}}},"fnMap":{"0":{"name":"(anonymous_2)","decl":{"start":{"line":18,"column":13},"end":{"line":18,"column":16}},"loc":{"start":{"line":18,"column":19},"end":{"line":18,"column":24}}},"1":{"name":"(anonymous_3)","decl":{"start":{"line":18,"column":26},"end":{"line":18,"column":27}},"loc":{"start":{"line":18,"column":37},"end":{"line":18,"column":47}}}},"branchMap":{},"s":{"0":17,"1":17,"2":17,"3":17,"4":17,"5":17,"6":17,"7":17,"8":17,"9":1,"10":0,"11":17},"f":{"0":1,"1":0},"b":{}}
}
