TN:
SF:src\app.controller.ts
FN:6,(anonymous_2)
FN:9,(anonymous_3)
FNF:2
FNH:2
FNDA:1,(anonymous_2)
FNDA:1,(anonymous_3)
DA:1,1
DA:2,1
DA:5,1
DA:6,1
DA:9,1
DA:10,1
LF:6
LH:6
BRDA:6,0,0,1
BRDA:6,0,1,0
BRDA:6,1,0,1
BRDA:6,1,1,1
BRF:4
BRH:3
end_of_record
TN:
SF:src\app.module.ts
FN:21,(anonymous_2)
FNF:1
FNH:1
FNDA:1,(anonymous_2)
DA:1,4
DA:2,4
DA:3,4
DA:4,4
DA:5,4
DA:6,4
DA:7,4
DA:8,4
DA:9,4
DA:10,4
DA:21,1
DA:37,4
LF:12
LH:12
BRF:0
BRH:0
end_of_record
TN:
SF:src\app.service.ts
FN:5,(anonymous_1)
FNF:1
FNH:1
FNDA:1,(anonymous_1)
DA:1,1
DA:4,1
DA:6,1
LF:3
LH:3
BRF:0
BRH:0
end_of_record
TN:
SF:src\main.ts
FN:4,bootstrap
FNF:1
FNH:1
FNDA:2,bootstrap
DA:1,2
DA:2,2
DA:5,2
DA:6,2
DA:8,2
LF:5
LH:5
BRDA:6,0,0,2
BRDA:6,0,1,1
BRF:2
BRH:2
end_of_record
TN:
SF:src\auth\auth.controller.ts
FN:9,(anonymous_4)
FN:12,(anonymous_5)
FN:20,(anonymous_6)
FN:25,(anonymous_7)
FNF:4
FNH:4
FNDA:3,(anonymous_4)
FNDA:1,(anonymous_5)
FNDA:1,(anonymous_6)
FNDA:1,(anonymous_7)
DA:1,7
DA:2,7
DA:3,7
DA:8,7
DA:9,3
DA:12,7
DA:15,1
DA:20,7
DA:21,1
DA:25,7
DA:26,1
LF:11
LH:11
BRDA:9,0,0,7
BRDA:9,0,1,0
BRDA:9,1,0,7
BRDA:9,1,1,7
BRF:4
BRH:3
end_of_record
TN:
SF:src\auth\auth.module.ts
FN:17,(anonymous_1)
FNF:1
FNH:1
FNDA:1,(anonymous_1)
DA:1,6
DA:2,6
DA:3,6
DA:4,6
DA:5,6
DA:6,6
DA:7,6
DA:8,6
DA:9,6
DA:17,1
DA:31,6
LF:11
LH:11
BRDA:18,0,0,1
BRDA:18,0,1,0
BRDA:21,1,0,1
BRDA:21,1,1,0
BRF:4
BRH:2
end_of_record
TN:
SF:src\auth\auth.service.ts
FN:10,(anonymous_11)
FN:16,(anonymous_12)
FN:25,(anonymous_13)
FN:40,(anonymous_14)
FN:48,(anonymous_15)
FNF:5
FNH:5
FNDA:5,(anonymous_11)
FNDA:2,(anonymous_12)
FNDA:1,(anonymous_13)
FNDA:1,(anonymous_14)
FNDA:1,(anonymous_15)
DA:1,9
DA:2,9
DA:3,9
DA:4,9
DA:5,9
DA:9,9
DA:11,5
DA:12,5
DA:13,5
DA:17,2
DA:18,2
DA:19,1
DA:20,1
DA:22,1
DA:26,1
DA:27,1
DA:41,1
DA:42,1
DA:49,1
DA:54,1
DA:55,1
LF:21
LH:21
BRDA:18,0,0,1
BRDA:18,0,1,1
BRDA:18,1,0,2
BRDA:18,1,1,2
BRDA:31,2,0,1
BRDA:31,2,1,1
BRDA:34,3,0,1
BRDA:34,3,1,1
BRDA:51,4,0,1
BRDA:51,4,1,1
BRDA:11,5,0,9
BRDA:11,5,1,0
BRDA:11,6,0,9
BRDA:11,6,1,9
BRDA:11,7,0,9
BRDA:11,7,1,0
BRDA:11,8,0,9
BRDA:11,8,1,9
BRDA:12,9,0,9
BRDA:12,9,1,0
BRDA:12,10,0,9
BRDA:12,10,1,9
BRF:22
BRH:19
end_of_record
TN:
SF:src\auth\jwt-auth.guard.ts
FNF:0
FNH:0
DA:1,6
DA:2,6
DA:5,6
LF:3
LH:3
BRF:0
BRH:0
end_of_record
TN:
SF:src\auth\jwt.strategy.ts
FN:9,(anonymous_2)
FN:17,(anonymous_3)
FNF:2
FNH:2
FNDA:2,(anonymous_2)
FNDA:1,(anonymous_3)
DA:1,7
DA:2,7
DA:3,7
DA:4,7
DA:8,7
DA:9,2
DA:10,2
DA:18,1
LF:8
LH:8
BRDA:13,0,0,2
BRDA:13,0,1,1
BRDA:9,1,0,7
BRDA:9,1,1,0
BRDA:9,2,0,7
BRDA:9,2,1,7
BRF:6
BRH:5
end_of_record
TN:
SF:src\auth\local-auth.guard.ts
FNF:0
FNH:0
DA:1,8
DA:2,8
DA:5,8
LF:3
LH:3
BRF:0
BRH:0
end_of_record
TN:
SF:src\auth\local.strategy.ts
FN:9,(anonymous_2)
FN:13,(anonymous_3)
FNF:2
FNH:2
FNDA:2,(anonymous_2)
FNDA:2,(anonymous_3)
DA:1,7
DA:2,7
DA:3,7
DA:4,7
DA:8,7
DA:9,2
DA:10,2
DA:14,2
DA:15,2
DA:16,1
DA:18,1
LF:11
LH:11
BRDA:15,0,0,1
BRDA:15,0,1,1
BRDA:9,1,0,7
BRDA:9,1,1,0
BRDA:9,2,0,7
BRDA:9,2,1,7
BRF:6
BRH:5
end_of_record
TN:
SF:src\config\configuration.ts
FN:1,(anonymous_0)
FNF:1
FNH:1
FNDA:2,(anonymous_0)
DA:1,5
LF:1
LH:1
BRDA:3,0,0,2
BRDA:3,0,1,2
BRDA:4,1,0,2
BRDA:4,1,1,1
BRDA:5,2,0,2
BRDA:5,2,1,2
BRDA:6,3,0,2
BRDA:6,3,1,2
BRDA:7,4,0,2
BRDA:7,4,1,2
BRDA:10,5,0,2
BRDA:10,5,1,2
BRDA:11,6,0,2
BRDA:11,6,1,1
BRDA:12,7,0,2
BRDA:12,7,1,2
BRDA:14,8,0,2
BRDA:14,8,1,1
BRF:18
BRH:18
end_of_record
TN:
SF:src\places\places.controller.ts
FN:22,(anonymous_4)
FN:25,(anonymous_5)
FN:34,(anonymous_6)
FN:43,(anonymous_7)
FN:52,(anonymous_8)
FNF:5
FNH:5
FNDA:5,(anonymous_4)
FNDA:1,(anonymous_5)
FNDA:1,(anonymous_6)
FNDA:1,(anonymous_7)
FNDA:1,(anonymous_8)
DA:1,6
DA:13,6
DA:15,6
DA:21,6
DA:22,5
DA:25,6
DA:29,1
DA:30,1
DA:34,6
DA:38,1
DA:39,1
DA:43,6
DA:47,1
DA:48,1
DA:52,6
DA:57,1
DA:58,1
LF:17
LH:17
BRDA:28,0,0,6
BRDA:28,0,1,0
BRDA:28,1,0,6
BRDA:28,1,1,6
BRDA:37,2,0,6
BRDA:37,2,1,0
BRDA:37,3,0,6
BRDA:37,3,1,6
BRDA:44,4,0,0
BRDA:44,4,1,6
BRDA:44,5,0,6
BRDA:44,5,1,0
BRDA:46,6,0,6
BRDA:46,6,1,0
BRDA:46,7,0,6
BRDA:46,7,1,6
BRDA:54,8,0,0
BRDA:54,8,1,6
BRDA:54,9,0,6
BRDA:54,9,1,0
BRDA:56,10,0,6
BRDA:56,10,1,0
BRDA:56,11,0,6
BRDA:56,11,1,6
BRDA:22,12,0,6
BRDA:22,12,1,0
BRDA:22,13,0,6
BRDA:22,13,1,6
BRF:28
BRH:19
end_of_record
TN:
SF:src\places\places.module.ts
FNF:0
FNH:0
DA:1,5
DA:2,5
DA:3,5
DA:4,5
DA:5,5
DA:12,5
LF:6
LH:6
BRF:0
BRH:0
end_of_record
TN:
SF:src\places\places.service.ts
FN:8,(anonymous_4)
FN:13,(anonymous_5)
FN:23,(anonymous_6)
FN:31,(anonymous_7)
FN:41,(anonymous_8)
FN:48,(anonymous_9)
FN:56,(anonymous_10)
FN:65,(anonymous_11)
FNF:8
FNH:8
FNDA:8,(anonymous_4)
FNDA:2,(anonymous_5)
FNDA:2,(anonymous_6)
FNDA:2,(anonymous_7)
FNDA:2,(anonymous_8)
FNDA:1,(anonymous_9)
FNDA:1,(anonymous_10)
FNDA:1,(anonymous_11)
DA:1,7
DA:2,7
DA:3,7
DA:4,7
DA:7,7
DA:10,8
DA:14,2
DA:15,1
DA:21,1
DA:23,2
DA:26,1
DA:31,1
DA:32,2
DA:38,1
DA:42,2
DA:45,2
DA:49,1
DA:53,1
DA:61,1
DA:62,1
DA:66,1
LF:21
LH:21
BRDA:14,0,0,1
BRDA:14,0,1,1
BRDA:45,1,0,1
BRDA:45,1,1,1
BRDA:10,2,0,7
BRDA:10,2,1,0
BRDA:10,3,0,7
BRDA:10,3,1,7
BRF:8
BRH:7
end_of_record
TN:
SF:src\places\entities\place.entity.ts
FN:43,(anonymous_2)
FN:43,(anonymous_3)
FNF:2
FNH:1
FNDA:1,(anonymous_2)
FNDA:0,(anonymous_3)
DA:1,17
DA:9,17
DA:12,17
DA:14,17
DA:17,17
DA:20,17
DA:23,17
DA:26,17
DA:29,17
DA:32,17
DA:35,17
DA:38,17
DA:41,17
DA:43,1
DA:47,17
DA:50,17
DA:53,17
LF:17
LH:17
BRDA:47,0,0,8
BRDA:47,0,1,9
BRDA:47,1,0,17
BRDA:47,1,1,8
BRDA:50,2,0,17
BRDA:50,2,1,0
BRDA:50,3,0,17
BRDA:50,3,1,17
BRDA:53,4,0,17
BRDA:53,4,1,0
BRDA:53,5,0,17
BRDA:53,5,1,17
BRF:12
BRH:10
end_of_record
TN:
SF:src\places\entities\review.entity.ts
FN:17,(anonymous_2)
FN:17,(anonymous_3)
FN:20,(anonymous_4)
FNF:3
FNH:2
FNDA:1,(anonymous_2)
FNDA:0,(anonymous_3)
FNDA:1,(anonymous_4)
DA:1,5
DA:2,5
DA:3,5
DA:7,5
DA:9,5
DA:12,5
DA:15,5
DA:17,1
DA:18,5
DA:20,1
DA:21,5
DA:24,5
DA:27,5
LF:13
LH:13
BRDA:18,0,0,5
BRDA:18,0,1,0
BRDA:18,1,0,5
BRDA:18,1,1,5
BRDA:21,2,0,5
BRDA:21,2,1,0
BRDA:21,3,0,5
BRDA:21,3,1,5
BRDA:24,4,0,5
BRDA:24,4,1,0
BRDA:24,5,0,5
BRDA:24,5,1,5
BRDA:27,6,0,5
BRDA:27,6,1,0
BRDA:27,7,0,5
BRDA:27,7,1,5
BRF:16
BRH:12
end_of_record
TN:
SF:src\places\entities\tag.entity.ts
FN:25,(anonymous_2)
FNF:1
FNH:1
FNDA:1,(anonymous_2)
DA:1,1
DA:13,1
DA:15,1
DA:18,1
DA:21,1
DA:25,1
DA:26,1
DA:27,1
DA:33,1
LF:9
LH:9
BRDA:26,0,0,1
BRDA:26,0,1,0
BRF:2
BRH:1
end_of_record
TN:
SF:src\users\users.module.ts
FNF:0
FNH:0
DA:1,7
DA:2,7
DA:3,7
DA:4,7
DA:11,7
LF:5
LH:5
BRF:0
BRH:0
end_of_record
TN:
SF:src\users\users.service.ts
FN:8,(anonymous_4)
FN:13,(anonymous_5)
FN:17,(anonymous_6)
FN:22,(anonymous_7)
FNF:4
FNH:4
FNDA:3,(anonymous_4)
FNDA:2,(anonymous_5)
FNDA:1,(anonymous_6)
FNDA:2,(anonymous_7)
DA:1,11
DA:2,11
DA:3,11
DA:4,11
DA:7,11
DA:10,3
DA:14,2
DA:18,1
DA:19,1
DA:23,2
DA:24,2
DA:25,1
DA:27,1
LF:13
LH:13
BRDA:24,0,0,1
BRDA:24,0,1,1
BRDA:10,1,0,11
BRDA:10,1,1,0
BRDA:10,2,0,11
BRDA:10,2,1,11
BRF:6
BRH:5
end_of_record
TN:
SF:src\users\entities\user.entity.ts
FN:18,(anonymous_2)
FN:18,(anonymous_3)
FNF:2
FNH:1
FNDA:1,(anonymous_2)
FNDA:0,(anonymous_3)
DA:1,17
DA:2,17
DA:5,17
DA:7,17
DA:10,17
DA:13,17
DA:16,17
DA:18,1
DA:19,17
LF:9
LH:9
BRF:0
BRH:0
end_of_record
