TN:
SF:src\app.controller.ts
FN:6,(anonymous_2)
FN:9,(anonymous_3)
FNF:2
FNH:2
FNDA:1,(anonymous_2)
FNDA:1,(anonymous_3)
DA:1,1
DA:2,1
DA:5,1
DA:6,1
DA:9,1
DA:10,1
LF:6
LH:6
BRDA:6,0,0,1
BRDA:6,0,1,0
BRDA:6,1,0,1
BRDA:6,1,1,1
BRF:4
BRH:3
end_of_record
TN:
SF:src\app.module.ts
FN:23,(anonymous_2)
FNF:1
FNH:1
FNDA:1,(anonymous_2)
DA:1,4
DA:3,4
DA:4,4
DA:5,4
DA:6,4
DA:7,4
DA:8,4
DA:9,4
DA:10,4
DA:11,4
DA:23,1
DA:39,4
LF:12
LH:12
BRF:0
BRH:0
end_of_record
TN:
SF:src\app.service.ts
FN:5,(anonymous_1)
FNF:1
FNH:1
FNDA:1,(anonymous_1)
DA:1,1
DA:4,1
DA:6,1
LF:3
LH:3
BRF:0
BRH:0
end_of_record
TN:
SF:src\main.ts
FN:4,bootstrap
FNF:1
FNH:1
FNDA:2,bootstrap
DA:1,2
DA:2,2
DA:5,2
DA:6,2
DA:8,2
LF:5
LH:5
BRDA:6,0,0,2
BRDA:6,0,1,1
BRF:2
BRH:2
end_of_record
TN:
SF:src\auth\auth.controller.ts
FN:10,(anonymous_4)
FN:13,(anonymous_5)
FN:33,(anonymous_6)
FN:50,(anonymous_7)
FNF:4
FNH:4
FNDA:6,(anonymous_4)
FNDA:2,(anonymous_5)
FNDA:2,(anonymous_6)
FNDA:2,(anonymous_7)
DA:1,7
DA:2,7
DA:3,7
DA:6,7
DA:9,7
DA:10,6
DA:13,7
DA:16,2
DA:17,2
DA:18,1
DA:20,1
DA:33,7
DA:34,2
DA:35,2
DA:36,1
DA:38,1
DA:50,7
DA:51,2
DA:52,2
DA:53,1
DA:55,1
LF:21
LH:21
BRDA:23,0,0,1
BRDA:23,0,1,0
BRDA:24,1,0,1
BRDA:24,1,1,0
BRDA:26,2,0,1
BRDA:26,2,1,0
BRDA:42,3,0,1
BRDA:42,3,1,0
BRDA:10,4,0,7
BRDA:10,4,1,0
BRDA:10,5,0,7
BRDA:10,5,1,7
BRF:12
BRH:7
end_of_record
TN:
SF:src\auth\auth.module.ts
FN:17,(anonymous_1)
FNF:1
FNH:1
FNDA:1,(anonymous_1)
DA:1,6
DA:2,6
DA:3,6
DA:4,6
DA:5,6
DA:6,6
DA:7,6
DA:8,6
DA:9,6
DA:17,1
DA:31,6
LF:11
LH:11
BRDA:18,0,0,1
BRDA:18,0,1,0
BRDA:21,1,0,1
BRDA:21,1,1,0
BRF:4
BRH:2
end_of_record
TN:
SF:src\auth\auth.service.ts
FN:10,(anonymous_11)
FN:16,(anonymous_12)
FN:25,(anonymous_13)
FN:40,(anonymous_14)
FN:48,(anonymous_15)
FNF:5
FNH:5
FNDA:5,(anonymous_11)
FNDA:2,(anonymous_12)
FNDA:1,(anonymous_13)
FNDA:1,(anonymous_14)
FNDA:1,(anonymous_15)
DA:1,9
DA:2,9
DA:3,9
DA:4,9
DA:5,9
DA:9,9
DA:11,5
DA:12,5
DA:13,5
DA:17,2
DA:18,2
DA:19,1
DA:20,1
DA:22,1
DA:26,1
DA:27,1
DA:41,1
DA:42,1
DA:49,1
DA:54,1
DA:55,1
LF:21
LH:21
BRDA:18,0,0,1
BRDA:18,0,1,1
BRDA:18,1,0,2
BRDA:18,1,1,2
BRDA:31,2,0,1
BRDA:31,2,1,1
BRDA:34,3,0,1
BRDA:34,3,1,1
BRDA:51,4,0,1
BRDA:51,4,1,1
BRDA:11,5,0,9
BRDA:11,5,1,0
BRDA:11,6,0,9
BRDA:11,6,1,9
BRDA:11,7,0,9
BRDA:11,7,1,0
BRDA:11,8,0,9
BRDA:11,8,1,9
BRDA:12,9,0,9
BRDA:12,9,1,0
BRDA:12,10,0,9
BRDA:12,10,1,9
BRF:22
BRH:19
end_of_record
TN:
SF:src\auth\jwt-auth.guard.ts
FNF:0
FNH:0
DA:1,6
DA:2,6
DA:5,6
LF:3
LH:3
BRF:0
BRH:0
end_of_record
TN:
SF:src\auth\jwt.strategy.ts
FN:9,(anonymous_2)
FN:17,(anonymous_3)
FNF:2
FNH:2
FNDA:2,(anonymous_2)
FNDA:1,(anonymous_3)
DA:1,7
DA:2,7
DA:3,7
DA:4,7
DA:8,7
DA:9,2
DA:10,2
DA:18,1
LF:8
LH:8
BRDA:13,0,0,2
BRDA:13,0,1,1
BRDA:9,1,0,7
BRDA:9,1,1,0
BRDA:9,2,0,7
BRDA:9,2,1,7
BRF:6
BRH:5
end_of_record
TN:
SF:src\auth\local-auth.guard.ts
FNF:0
FNH:0
DA:1,8
DA:2,8
DA:5,8
LF:3
LH:3
BRF:0
BRH:0
end_of_record
TN:
SF:src\auth\local.strategy.ts
FN:9,(anonymous_2)
FN:13,(anonymous_3)
FNF:2
FNH:2
FNDA:2,(anonymous_2)
FNDA:2,(anonymous_3)
DA:1,7
DA:2,7
DA:3,7
DA:4,7
DA:8,7
DA:9,2
DA:10,2
DA:14,2
DA:15,2
DA:16,1
DA:18,1
LF:11
LH:11
BRDA:15,0,0,1
BRDA:15,0,1,1
BRDA:9,1,0,7
BRDA:9,1,1,0
BRDA:9,2,0,7
BRDA:9,2,1,7
BRF:6
BRH:5
end_of_record
TN:
SF:src\common\interceptors\http-response.interceptor.ts
FN:15,(anonymous_1)
FN:17,(anonymous_2)
FN:29,(anonymous_3)
FN:35,(anonymous_4)
FN:42,(anonymous_5)
FN:49,(anonymous_6)
FNF:6
FNH:6
FNDA:8,(anonymous_1)
FNDA:4,(anonymous_2)
FNDA:4,(anonymous_3)
FNDA:1,(anonymous_4)
FNDA:1,(anonymous_5)
FNDA:2,(anonymous_6)
DA:1,1
DA:9,1
DA:10,1
DA:11,1
DA:14,1
DA:16,8
DA:19,4
DA:20,2
DA:23,2
DA:24,1
DA:27,1
DA:30,4
DA:31,2
DA:32,2
DA:34,2
DA:35,1
DA:42,1
DA:49,2
LF:18
LH:18
BRDA:19,0,0,2
BRDA:19,0,1,2
BRDA:19,1,0,4
BRDA:19,1,1,2
BRDA:19,1,2,1
BRDA:23,2,0,1
BRDA:23,2,1,1
BRDA:23,3,0,2
BRDA:23,3,1,1
BRDA:30,4,0,2
BRDA:30,4,1,2
BRDA:34,5,0,1
BRDA:34,5,1,1
BRDA:34,6,0,2
BRDA:34,6,1,1
BRDA:45,7,0,1
BRDA:45,7,1,0
BRDA:53,8,0,0
BRDA:53,8,1,2
BRF:19
BRH:17
end_of_record
TN:
SF:src\common\interfaces\http-response.interface.ts
FN:12,createSuccessResponse
FN:20,createErrorResponse
FNF:2
FNH:2
FNDA:15,createSuccessResponse
FNDA:3,createErrorResponse
DA:12,11
DA:13,15
DA:20,11
DA:25,3
LF:4
LH:4
BRDA:12,0,0,2
BRF:1
BRH:1
end_of_record
TN:
SF:src\config\configuration.ts
FN:1,(anonymous_0)
FNF:1
FNH:1
FNDA:2,(anonymous_0)
DA:1,5
LF:1
LH:1
BRDA:3,0,0,2
BRDA:3,0,1,2
BRDA:4,1,0,2
BRDA:4,1,1,1
BRDA:5,2,0,2
BRDA:5,2,1,2
BRDA:6,3,0,2
BRDA:6,3,1,2
BRDA:7,4,0,2
BRDA:7,4,1,2
BRDA:10,5,0,2
BRDA:10,5,1,2
BRDA:11,6,0,2
BRDA:11,6,1,1
BRDA:12,7,0,2
BRDA:12,7,1,2
BRDA:14,8,0,2
BRDA:14,8,1,1
BRF:18
BRH:18
end_of_record
TN:
SF:src\places\places.controller.ts
FN:27,(anonymous_4)
FN:30,(anonymous_5)
FN:51,(anonymous_6)
FN:85,(anonymous_7)
FN:119,(anonymous_8)
FNF:5
FNH:5
FNDA:20,(anonymous_4)
FNDA:8,(anonymous_5)
FNDA:4,(anonymous_6)
FNDA:6,(anonymous_7)
FNDA:4,(anonymous_8)
DA:1,6
DA:17,6
DA:19,6
DA:22,6
DA:26,6
DA:27,20
DA:30,6
DA:34,8
DA:35,8
DA:36,7
DA:37,5
DA:39,3
DA:51,6
DA:55,4
DA:56,4
DA:57,4
DA:58,3
DA:59,2
DA:61,1
DA:63,3
DA:64,2
DA:73,1
DA:85,6
DA:89,6
DA:90,6
DA:91,6
DA:92,3
DA:94,3
DA:95,1
DA:97,5
DA:98,4
DA:107,1
DA:119,6
DA:124,4
DA:125,4
DA:126,4
DA:127,3
DA:128,2
DA:130,1
DA:132,3
DA:133,2
DA:142,1
LF:42
LH:42
BRDA:43,0,0,3
BRDA:43,0,1,0
BRDA:45,1,0,3
BRDA:45,1,1,2
BRDA:58,2,0,2
BRDA:58,2,1,1
BRDA:63,3,0,2
BRDA:63,3,1,1
BRDA:77,4,0,1
BRDA:77,4,1,0
BRDA:79,5,0,1
BRDA:79,5,1,0
BRDA:91,6,0,3
BRDA:91,6,1,3
BRDA:91,7,0,6
BRDA:91,7,1,4
BRDA:97,8,0,4
BRDA:97,8,1,1
BRDA:111,9,0,1
BRDA:111,9,1,0
BRDA:113,10,0,1
BRDA:113,10,1,0
BRDA:127,11,0,2
BRDA:127,11,1,1
BRDA:132,12,0,2
BRDA:132,12,1,1
BRDA:146,13,0,1
BRDA:146,13,1,0
BRDA:148,14,0,1
BRDA:148,14,1,0
BRDA:86,15,0,0
BRDA:86,15,1,6
BRDA:86,16,0,6
BRDA:86,16,1,0
BRDA:121,17,0,0
BRDA:121,17,1,6
BRDA:121,18,0,6
BRDA:121,18,1,0
BRDA:27,19,0,6
BRDA:27,19,1,0
BRDA:27,20,0,6
BRDA:27,20,1,6
BRF:42
BRH:30
end_of_record
TN:
SF:src\places\places.module.ts
FNF:0
FNH:0
DA:1,5
DA:2,5
DA:3,5
DA:4,5
DA:5,5
DA:12,5
LF:6
LH:6
BRF:0
BRH:0
end_of_record
TN:
SF:src\places\places.service.ts
FN:8,(anonymous_4)
FN:13,(anonymous_5)
FN:23,(anonymous_6)
FN:31,(anonymous_7)
FN:41,(anonymous_8)
FN:48,(anonymous_9)
FN:56,(anonymous_10)
FN:65,(anonymous_11)
FNF:8
FNH:8
FNDA:8,(anonymous_4)
FNDA:2,(anonymous_5)
FNDA:2,(anonymous_6)
FNDA:2,(anonymous_7)
FNDA:2,(anonymous_8)
FNDA:1,(anonymous_9)
FNDA:1,(anonymous_10)
FNDA:1,(anonymous_11)
DA:1,7
DA:2,7
DA:3,7
DA:4,7
DA:7,7
DA:10,8
DA:14,2
DA:15,1
DA:21,1
DA:23,2
DA:26,1
DA:31,1
DA:32,2
DA:38,1
DA:42,2
DA:45,2
DA:49,1
DA:53,1
DA:61,1
DA:62,1
DA:66,1
LF:21
LH:21
BRDA:14,0,0,1
BRDA:14,0,1,1
BRDA:45,1,0,1
BRDA:45,1,1,1
BRDA:10,2,0,7
BRDA:10,2,1,0
BRDA:10,3,0,7
BRDA:10,3,1,7
BRF:8
BRH:7
end_of_record
TN:
SF:src\places\entities\place.entity.ts
FN:43,(anonymous_2)
FN:43,(anonymous_3)
FNF:2
FNH:1
FNDA:1,(anonymous_2)
FNDA:0,(anonymous_3)
DA:1,17
DA:9,17
DA:12,17
DA:14,17
DA:17,17
DA:20,17
DA:23,17
DA:26,17
DA:29,17
DA:32,17
DA:35,17
DA:38,17
DA:41,17
DA:43,1
DA:47,17
DA:50,17
DA:53,17
LF:17
LH:17
BRDA:47,0,0,8
BRDA:47,0,1,9
BRDA:47,1,0,17
BRDA:47,1,1,8
BRDA:50,2,0,17
BRDA:50,2,1,0
BRDA:50,3,0,17
BRDA:50,3,1,17
BRDA:53,4,0,17
BRDA:53,4,1,0
BRDA:53,5,0,17
BRDA:53,5,1,17
BRF:12
BRH:10
end_of_record
TN:
SF:src\places\entities\review.entity.ts
FN:17,(anonymous_2)
FN:17,(anonymous_3)
FN:20,(anonymous_4)
FNF:3
FNH:2
FNDA:1,(anonymous_2)
FNDA:0,(anonymous_3)
FNDA:1,(anonymous_4)
DA:1,5
DA:2,5
DA:3,5
DA:7,5
DA:9,5
DA:12,5
DA:15,5
DA:17,1
DA:18,5
DA:20,1
DA:21,5
DA:24,5
DA:27,5
LF:13
LH:13
BRDA:18,0,0,5
BRDA:18,0,1,0
BRDA:18,1,0,5
BRDA:18,1,1,5
BRDA:21,2,0,5
BRDA:21,2,1,0
BRDA:21,3,0,5
BRDA:21,3,1,5
BRDA:24,4,0,5
BRDA:24,4,1,0
BRDA:24,5,0,5
BRDA:24,5,1,5
BRDA:27,6,0,5
BRDA:27,6,1,0
BRDA:27,7,0,5
BRDA:27,7,1,5
BRF:16
BRH:12
end_of_record
TN:
SF:src\places\entities\tag.entity.ts
FN:25,(anonymous_2)
FNF:1
FNH:1
FNDA:1,(anonymous_2)
DA:1,1
DA:13,1
DA:15,1
DA:18,1
DA:21,1
DA:25,1
DA:26,1
DA:27,1
DA:33,1
LF:9
LH:9
BRDA:26,0,0,1
BRDA:26,0,1,0
BRF:2
BRH:1
end_of_record
TN:
SF:src\users\users.module.ts
FNF:0
FNH:0
DA:1,7
DA:2,7
DA:3,7
DA:4,7
DA:11,7
LF:5
LH:5
BRF:0
BRH:0
end_of_record
TN:
SF:src\users\users.service.ts
FN:8,(anonymous_4)
FN:13,(anonymous_5)
FN:17,(anonymous_6)
FN:22,(anonymous_7)
FNF:4
FNH:4
FNDA:3,(anonymous_4)
FNDA:2,(anonymous_5)
FNDA:1,(anonymous_6)
FNDA:2,(anonymous_7)
DA:1,11
DA:2,11
DA:3,11
DA:4,11
DA:7,11
DA:10,3
DA:14,2
DA:18,1
DA:19,1
DA:23,2
DA:24,2
DA:25,1
DA:27,1
LF:13
LH:13
BRDA:24,0,0,1
BRDA:24,0,1,1
BRDA:10,1,0,11
BRDA:10,1,1,0
BRDA:10,2,0,11
BRDA:10,2,1,11
BRF:6
BRH:5
end_of_record
TN:
SF:src\users\entities\user.entity.ts
FN:18,(anonymous_2)
FN:18,(anonymous_3)
FNF:2
FNH:1
FNDA:1,(anonymous_2)
FNDA:0,(anonymous_3)
DA:1,17
DA:2,17
DA:5,17
DA:7,17
DA:10,17
DA:13,17
DA:16,17
DA:18,1
DA:19,17
LF:9
LH:9
BRF:0
BRH:0
end_of_record
